10.6873 	INFO 	Loaded monitor calibration from ['2024_08_09 11:30']
11.4278 	EXP 	Created window1 = Window(allowGUI=True, allowStencil=False, autoLog=True, backendConf=UNKNOWN, backgroundFit=<method-wrapper '__getattribute__' of attributeSetter object at 0x0000029275AAEF20>, backgroundImage=<method-wrapper '__getattribute__' of attributeSetter object at 0x0000029275AAEEC0>, bitsMode=UNKNOWN, blendMode='avg', bpc=(8, 8, 8), color=array([0, 0, 0]), colorSpace='rgb', depthBits=8, fullscr=<method-wrapper '__getattribute__' of attributeSetter object at 0x0000029275AAED10>, gamma=None, gammaErrorPolicy='raise', infoMsg=UNKNOWN, lms=UNKNOWN, monitor=<psychopy.monitors.calibTools.Monitor object at 0x0000029275B80550>, multiSample=False, name='window1', numSamples=2, pos=[560.0, 290.0], screen=0, size=array([800, 500]), stencilBits=0, stereo=False, title='PsychoPy', units='height', useFBO=True, useRetina=False, viewOri=0.0, viewPos=None, viewScale=None, waitBlanking=True, winType='pyglet')
11.4279 	EXP 	window1: backgroundImage = ''
11.4279 	EXP 	window1: backgroundFit = 'none'
11.4282 	EXP 	window1: mouseVisible = <method-wrapper '__getattribute__' of attributeSetter object at 0x0000029275AAF040>
11.4284 	EXP 	window1: mouseVisible = <method-wrapper '__getattribute__' of attributeSetter object at 0x0000029275AAF040>
11.4399 	EXP 	window1: mouseVisible = <method-wrapper '__getattribute__' of attributeSetter object at 0x0000029275AAF040>
11.4403 	EXP 	window1: mouseVisible = <method-wrapper '__getattribute__' of attributeSetter object at 0x0000029275AAF040>
11.5109 	EXP 	window1: mouseVisible = <method-wrapper '__getattribute__' of attributeSetter object at 0x0000029275AAF040>
11.5110 	EXP 	window1: mouseVisible = <method-wrapper '__getattribute__' of attributeSetter object at 0x0000029275AAF040>
11.5115 	EXP 	window1: mouseVisible = <method-wrapper '__getattribute__' of attributeSetter object at 0x0000029275AAF040>
11.5121 	EXP 	window1: mouseVisible = <method-wrapper '__getattribute__' of attributeSetter object at 0x0000029275AAF040>
11.5276 	EXP 	window1: Attempting to measure frame rate of screen (0) ...
11.5276 	EXP 	window1: recordFrameIntervals = False
11.7158 	EXP 	window1: recordFrameIntervals = True
11.8996 	EXP 	Screen (0) actual frame rate measured at 60.30Hz
11.8996 	EXP 	window1: recordFrameIntervals = False
11.8997 	EXP 	window1: mouseVisible = True
11.9879 	WARNING 	launchHubServer: If using the iohub mouse or eyetracker devices, fullScr should be True.
14.8478 	INFO 	keyboard.Keyboard is using iohub backend.
14.8479 	EXP 	visual_search1: status = STARTED
14.8483 	EXP 	window1: mouseVisible = True
14.8574 	EXP 	Created fixation = ShapeStim(__class__=<class 'psychopy.visual.shape.ShapeStim'>, anchor=('center', 'center'), autoDraw=False, autoLog=True, closeShape=True, color=method-wrapper(...), colorSpace='rgb', contrast=None, depth=0.0, draggable=False, fillColor=array([1, 1, 1]), fillColorSpace='rgb', fillRGB=array([1, 1, 1]), interpolate=True, lineColor=array([1., 1., 1.]), lineColorSpace='rgb', lineRGB=array([1, 1, 1]), lineWidth=1.0, name='fixation', opacity=1, ori=0.0, pos=array([0., 0.]), size=array([0.1, 0.1]), units='height', vertices=ndarray(...), win=Window(...), windingRule=None)
14.8578 	EXP 	window1: mouseVisible = True
14.9742 	EXP 	Created target = TextStim(__class__=<class 'psychopy.visual.text.TextStim'>, alignHoriz=method-wrapper(...), alignText='center', alignVert=method-wrapper(...), anchorHoriz='center', anchorVert='center', antialias=True, autoDraw=False, autoLog=True, bold=False, color=array([1., 1., 1.]), colorSpace='rgb', contrast=1.0, depth=-1.0, draggable=False, flipHoriz=False, flipVert=False, font='Arial', fontFiles=[], height=0.05, italic=False, languageStyle='LTR', name='target', opacity=1, ori=0.0, pos=array([0., 0.]), rgb=UNKNOWN, text='T', units='height', win=Window(...), wrapWidth=1)
0.0224 	EXP 	New trial (rep=0, index=0): <Trial 0 (0 in rep 0) data={'thisN': 0, 'thisTrialN': 0, 'thisRepN': 0}>
0.0414 	EXP 	window1: mouseVisible = True
0.0518 	EXP 	Created distr = TextStim(__class__=<class 'psychopy.visual.text.TextStim'>, alignHoriz=method-wrapper(...), alignText='center', alignVert=method-wrapper(...), anchorHoriz='center', anchorVert='center', antialias=True, autoDraw=False, autoLog=True, bold=False, color=array([1., 1., 1.]), colorSpace='rgb', contrast=1.0, depth=0.0, draggable=False, flipHoriz=False, flipVert=False, font='Arial', fontFiles=[], height=0.1, italic=False, languageStyle='LTR', name='distr', opacity=1, ori=251, pos=array([ 0.15453243, -0.32986456]), rgb=UNKNOWN, text='L', units='height', win=Window(...), wrapWidth=1)
0.0520 	EXP 	window1: mouseVisible = True
0.0550 	EXP 	Created distr = TextStim(__class__=<class 'psychopy.visual.text.TextStim'>, alignHoriz=method-wrapper(...), alignText='center', alignVert=method-wrapper(...), anchorHoriz='center', anchorVert='center', antialias=True, autoDraw=False, autoLog=True, bold=False, color=array([1., 1., 1.]), colorSpace='rgb', contrast=1.0, depth=0.0, draggable=False, flipHoriz=False, flipVert=False, font='Arial', fontFiles=[], height=0.1, italic=False, languageStyle='LTR', name='distr', opacity=1, ori=164, pos=array([ 0.01286666, -0.04554007]), rgb=UNKNOWN, text='L', units='height', win=Window(...), wrapWidth=1)
0.0552 	EXP 	window1: mouseVisible = True
0.0572 	EXP 	Created distr = TextStim(__class__=<class 'psychopy.visual.text.TextStim'>, alignHoriz=method-wrapper(...), alignText='center', alignVert=method-wrapper(...), anchorHoriz='center', anchorVert='center', antialias=True, autoDraw=False, autoLog=True, bold=False, color=array([1., 1., 1.]), colorSpace='rgb', contrast=1.0, depth=0.0, draggable=False, flipHoriz=False, flipVert=False, font='Arial', fontFiles=[], height=0.1, italic=False, languageStyle='LTR', name='distr', opacity=1, ori=348, pos=array([ 0.44333857, -0.08451009]), rgb=UNKNOWN, text='L', units='height', win=Window(...), wrapWidth=1)
0.0573 	EXP 	window1: mouseVisible = True
0.0588 	EXP 	Created distr = TextStim(__class__=<class 'psychopy.visual.text.TextStim'>, alignHoriz=method-wrapper(...), alignText='center', alignVert=method-wrapper(...), anchorHoriz='center', anchorVert='center', antialias=True, autoDraw=False, autoLog=True, bold=False, color=array([1., 1., 1.]), colorSpace='rgb', contrast=1.0, depth=0.0, draggable=False, flipHoriz=False, flipVert=False, font='Arial', fontFiles=[], height=0.1, italic=False, languageStyle='LTR', name='distr', opacity=1, ori=184, pos=array([ 0.02764007, -0.15874014]), rgb=UNKNOWN, text='L', units='height', win=Window(...), wrapWidth=1)
0.0589 	EXP 	window1: mouseVisible = True
0.0603 	EXP 	Created distr = TextStim(__class__=<class 'psychopy.visual.text.TextStim'>, alignHoriz=method-wrapper(...), alignText='center', alignVert=method-wrapper(...), anchorHoriz='center', anchorVert='center', antialias=True, autoDraw=False, autoLog=True, bold=False, color=array([1., 1., 1.]), colorSpace='rgb', contrast=1.0, depth=0.0, draggable=False, flipHoriz=False, flipVert=False, font='Arial', fontFiles=[], height=0.1, italic=False, languageStyle='LTR', name='distr', opacity=1, ori=160, pos=array([0.04435   , 0.30633769]), rgb=UNKNOWN, text='L', units='height', win=Window(...), wrapWidth=1)
0.0734 	EXP 	distr: autoDraw = True
0.0734 	EXP 	distr: autoDraw = True
0.0734 	EXP 	distr: autoDraw = True
0.0734 	EXP 	distr: autoDraw = True
0.0734 	EXP 	distr: autoDraw = True
0.0734 	EXP 	fixation: autoDraw = True
0.0734 	EXP 	target: autoDraw = True
2.5924 	DATA 	Mouse: Left button down, pos=(255,72)
2.5940 	EXP 	New trial (rep=1, index=0): <Trial 1 (0 in rep 1) data={'thisN': 1, 'thisTrialN': 0, 'thisRepN': 1}>
2.5944 	EXP 	window1: mouseVisible = True
2.5969 	EXP 	Created distr = TextStim(__class__=<class 'psychopy.visual.text.TextStim'>, alignHoriz=method-wrapper(...), alignText='center', alignVert=method-wrapper(...), anchorHoriz='center', anchorVert='center', antialias=True, autoDraw=False, autoLog=True, bold=False, color=array([1., 1., 1.]), colorSpace='rgb', contrast=1.0, depth=0.0, draggable=False, flipHoriz=False, flipVert=False, font='Arial', fontFiles=[], height=0.1, italic=False, languageStyle='LTR', name='distr', opacity=1, ori=155, pos=array([-0.32769861,  0.1156667 ]), rgb=UNKNOWN, text='L', units='height', win=Window(...), wrapWidth=1)
2.5970 	EXP 	window1: mouseVisible = True
2.5988 	EXP 	Created distr = TextStim(__class__=<class 'psychopy.visual.text.TextStim'>, alignHoriz=method-wrapper(...), alignText='center', alignVert=method-wrapper(...), anchorHoriz='center', anchorVert='center', antialias=True, autoDraw=False, autoLog=True, bold=False, color=array([1., 1., 1.]), colorSpace='rgb', contrast=1.0, depth=0.0, draggable=False, flipHoriz=False, flipVert=False, font='Arial', fontFiles=[], height=0.1, italic=False, languageStyle='LTR', name='distr', opacity=1, ori=73, pos=array([ 0.4625909 , -0.10763005]), rgb=UNKNOWN, text='L', units='height', win=Window(...), wrapWidth=1)
2.5989 	EXP 	window1: mouseVisible = True
2.6003 	EXP 	Created distr = TextStim(__class__=<class 'psychopy.visual.text.TextStim'>, alignHoriz=method-wrapper(...), alignText='center', alignVert=method-wrapper(...), anchorHoriz='center', anchorVert='center', antialias=True, autoDraw=False, autoLog=True, bold=False, color=array([1., 1., 1.]), colorSpace='rgb', contrast=1.0, depth=0.0, draggable=False, flipHoriz=False, flipVert=False, font='Arial', fontFiles=[], height=0.1, italic=False, languageStyle='LTR', name='distr', opacity=1, ori=268, pos=array([0.01952263, 0.23022728]), rgb=UNKNOWN, text='L', units='height', win=Window(...), wrapWidth=1)
2.6004 	EXP 	window1: mouseVisible = True
2.6018 	EXP 	Created distr = TextStim(__class__=<class 'psychopy.visual.text.TextStim'>, alignHoriz=method-wrapper(...), alignText='center', alignVert=method-wrapper(...), anchorHoriz='center', anchorVert='center', antialias=True, autoDraw=False, autoLog=True, bold=False, color=array([1., 1., 1.]), colorSpace='rgb', contrast=1.0, depth=0.0, draggable=False, flipHoriz=False, flipVert=False, font='Arial', fontFiles=[], height=0.1, italic=False, languageStyle='LTR', name='distr', opacity=1, ori=241, pos=array([-0.27719337,  0.22581968]), rgb=UNKNOWN, text='L', units='height', win=Window(...), wrapWidth=1)
2.6019 	EXP 	window1: mouseVisible = True
2.6032 	EXP 	Created distr = TextStim(__class__=<class 'psychopy.visual.text.TextStim'>, alignHoriz=method-wrapper(...), alignText='center', alignVert=method-wrapper(...), anchorHoriz='center', anchorVert='center', antialias=True, autoDraw=False, autoLog=True, bold=False, color=array([1., 1., 1.]), colorSpace='rgb', contrast=1.0, depth=0.0, draggable=False, flipHoriz=False, flipVert=False, font='Arial', fontFiles=[], height=0.1, italic=False, languageStyle='LTR', name='distr', opacity=1, ori=182, pos=array([-0.15154397, -0.25197504]), rgb=UNKNOWN, text='L', units='height', win=Window(...), wrapWidth=1)
2.6033 	EXP 	window1: mouseVisible = True
2.6046 	EXP 	Created distr = TextStim(__class__=<class 'psychopy.visual.text.TextStim'>, alignHoriz=method-wrapper(...), alignText='center', alignVert=method-wrapper(...), anchorHoriz='center', anchorVert='center', antialias=True, autoDraw=False, autoLog=True, bold=False, color=array([1., 1., 1.]), colorSpace='rgb', contrast=1.0, depth=0.0, draggable=False, flipHoriz=False, flipVert=False, font='Arial', fontFiles=[], height=0.1, italic=False, languageStyle='LTR', name='distr', opacity=1, ori=355, pos=array([-0.07968229,  0.25452068]), rgb=UNKNOWN, text='L', units='height', win=Window(...), wrapWidth=1)
2.6047 	EXP 	window1: mouseVisible = True
2.6063 	EXP 	Created distr = TextStim(__class__=<class 'psychopy.visual.text.TextStim'>, alignHoriz=method-wrapper(...), alignText='center', alignVert=method-wrapper(...), anchorHoriz='center', anchorVert='center', antialias=True, autoDraw=False, autoLog=True, bold=False, color=array([1., 1., 1.]), colorSpace='rgb', contrast=1.0, depth=0.0, draggable=False, flipHoriz=False, flipVert=False, font='Arial', fontFiles=[], height=0.1, italic=False, languageStyle='LTR', name='distr', opacity=1, ori=115, pos=array([0.47488704, 0.09596761]), rgb=UNKNOWN, text='L', units='height', win=Window(...), wrapWidth=1)
2.6064 	EXP 	window1: mouseVisible = True
2.6079 	EXP 	Created distr = TextStim(__class__=<class 'psychopy.visual.text.TextStim'>, alignHoriz=method-wrapper(...), alignText='center', alignVert=method-wrapper(...), anchorHoriz='center', anchorVert='center', antialias=True, autoDraw=False, autoLog=True, bold=False, color=array([1., 1., 1.]), colorSpace='rgb', contrast=1.0, depth=0.0, draggable=False, flipHoriz=False, flipVert=False, font='Arial', fontFiles=[], height=0.1, italic=False, languageStyle='LTR', name='distr', opacity=1, ori=31, pos=array([0.45846302, 0.06952507]), rgb=UNKNOWN, text='L', units='height', win=Window(...), wrapWidth=1)
2.6080 	EXP 	window1: mouseVisible = True
2.6095 	EXP 	Created distr = TextStim(__class__=<class 'psychopy.visual.text.TextStim'>, alignHoriz=method-wrapper(...), alignText='center', alignVert=method-wrapper(...), anchorHoriz='center', anchorVert='center', antialias=True, autoDraw=False, autoLog=True, bold=False, color=array([1., 1., 1.]), colorSpace='rgb', contrast=1.0, depth=0.0, draggable=False, flipHoriz=False, flipVert=False, font='Arial', fontFiles=[], height=0.1, italic=False, languageStyle='LTR', name='distr', opacity=1, ori=268, pos=array([0.33243099, 0.23410689]), rgb=UNKNOWN, text='L', units='height', win=Window(...), wrapWidth=1)
2.6096 	EXP 	window1: mouseVisible = True
2.6114 	EXP 	Created distr = TextStim(__class__=<class 'psychopy.visual.text.TextStim'>, alignHoriz=method-wrapper(...), alignText='center', alignVert=method-wrapper(...), anchorHoriz='center', anchorVert='center', antialias=True, autoDraw=False, autoLog=True, bold=False, color=array([1., 1., 1.]), colorSpace='rgb', contrast=1.0, depth=0.0, draggable=False, flipHoriz=False, flipVert=False, font='Arial', fontFiles=[], height=0.1, italic=False, languageStyle='LTR', name='distr', opacity=1, ori=114, pos=array([-0.44023779, -0.00944548]), rgb=UNKNOWN, text='L', units='height', win=Window(...), wrapWidth=1)
2.6235 	EXP 	fixation: autoDraw = False
2.6235 	EXP 	target: autoDraw = False
2.6235 	EXP 	distr: autoDraw = False
2.6235 	EXP 	distr: autoDraw = False
2.6235 	EXP 	distr: autoDraw = False
2.6235 	EXP 	distr: autoDraw = False
2.6235 	EXP 	distr: autoDraw = False
2.6235 	EXP 	distr: autoDraw = True
2.6235 	EXP 	distr: autoDraw = True
2.6235 	EXP 	distr: autoDraw = True
2.6235 	EXP 	distr: autoDraw = True
2.6235 	EXP 	distr: autoDraw = True
2.6235 	EXP 	distr: autoDraw = True
2.6235 	EXP 	distr: autoDraw = True
2.6235 	EXP 	distr: autoDraw = True
2.6235 	EXP 	distr: autoDraw = True
2.6235 	EXP 	distr: autoDraw = True
2.6235 	EXP 	fixation: autoDraw = True
2.6235 	EXP 	target: autoDraw = True
2.8131 	DATA 	Mouse:  Left button up, pos=(255,72)
5.3581 	DATA 	Mouse: Left button down, pos=(320,7)
5.3596 	EXP 	New trial (rep=2, index=0): <Trial 2 (0 in rep 2) data={'thisN': 2, 'thisTrialN': 0, 'thisRepN': 2}>
5.3599 	EXP 	window1: mouseVisible = True
5.3621 	EXP 	Created distr = TextStim(__class__=<class 'psychopy.visual.text.TextStim'>, alignHoriz=method-wrapper(...), alignText='center', alignVert=method-wrapper(...), anchorHoriz='center', anchorVert='center', antialias=True, autoDraw=False, autoLog=True, bold=False, color=array([1., 1., 1.]), colorSpace='rgb', contrast=1.0, depth=0.0, draggable=False, flipHoriz=False, flipVert=False, font='Arial', fontFiles=[], height=0.1, italic=False, languageStyle='LTR', name='distr', opacity=1, ori=18, pos=array([-0.10812732,  0.42091497]), rgb=UNKNOWN, text='L', units='height', win=Window(...), wrapWidth=1)
5.3622 	EXP 	window1: mouseVisible = True
5.3640 	EXP 	Created distr = TextStim(__class__=<class 'psychopy.visual.text.TextStim'>, alignHoriz=method-wrapper(...), alignText='center', alignVert=method-wrapper(...), anchorHoriz='center', anchorVert='center', antialias=True, autoDraw=False, autoLog=True, bold=False, color=array([1., 1., 1.]), colorSpace='rgb', contrast=1.0, depth=0.0, draggable=False, flipHoriz=False, flipVert=False, font='Arial', fontFiles=[], height=0.1, italic=False, languageStyle='LTR', name='distr', opacity=1, ori=202, pos=array([0.03980503, 0.18886244]), rgb=UNKNOWN, text='L', units='height', win=Window(...), wrapWidth=1)
5.3641 	EXP 	window1: mouseVisible = True
5.3656 	EXP 	Created distr = TextStim(__class__=<class 'psychopy.visual.text.TextStim'>, alignHoriz=method-wrapper(...), alignText='center', alignVert=method-wrapper(...), anchorHoriz='center', anchorVert='center', antialias=True, autoDraw=False, autoLog=True, bold=False, color=array([1., 1., 1.]), colorSpace='rgb', contrast=1.0, depth=0.0, draggable=False, flipHoriz=False, flipVert=False, font='Arial', fontFiles=[], height=0.1, italic=False, languageStyle='LTR', name='distr', opacity=1, ori=82, pos=array([-0.14341669,  0.36160214]), rgb=UNKNOWN, text='L', units='height', win=Window(...), wrapWidth=1)
5.3656 	EXP 	window1: mouseVisible = True
5.3672 	EXP 	Created distr = TextStim(__class__=<class 'psychopy.visual.text.TextStim'>, alignHoriz=method-wrapper(...), alignText='center', alignVert=method-wrapper(...), anchorHoriz='center', anchorVert='center', antialias=True, autoDraw=False, autoLog=True, bold=False, color=array([1., 1., 1.]), colorSpace='rgb', contrast=1.0, depth=0.0, draggable=False, flipHoriz=False, flipVert=False, font='Arial', fontFiles=[], height=0.1, italic=False, languageStyle='LTR', name='distr', opacity=1, ori=101, pos=array([ 0.10785076, -0.45220187]), rgb=UNKNOWN, text='L', units='height', win=Window(...), wrapWidth=1)
5.3673 	EXP 	window1: mouseVisible = True
5.3687 	EXP 	Created distr = TextStim(__class__=<class 'psychopy.visual.text.TextStim'>, alignHoriz=method-wrapper(...), alignText='center', alignVert=method-wrapper(...), anchorHoriz='center', anchorVert='center', antialias=True, autoDraw=False, autoLog=True, bold=False, color=array([1., 1., 1.]), colorSpace='rgb', contrast=1.0, depth=0.0, draggable=False, flipHoriz=False, flipVert=False, font='Arial', fontFiles=[], height=0.1, italic=False, languageStyle='LTR', name='distr', opacity=1, ori=212, pos=array([0.06111008, 0.04894446]), rgb=UNKNOWN, text='L', units='height', win=Window(...), wrapWidth=1)
5.3688 	EXP 	window1: mouseVisible = True
5.3703 	EXP 	Created distr = TextStim(__class__=<class 'psychopy.visual.text.TextStim'>, alignHoriz=method-wrapper(...), alignText='center', alignVert=method-wrapper(...), anchorHoriz='center', anchorVert='center', antialias=True, autoDraw=False, autoLog=True, bold=False, color=array([1., 1., 1.]), colorSpace='rgb', contrast=1.0, depth=0.0, draggable=False, flipHoriz=False, flipVert=False, font='Arial', fontFiles=[], height=0.1, italic=False, languageStyle='LTR', name='distr', opacity=1, ori=211, pos=array([-0.12816288,  0.4950881 ]), rgb=UNKNOWN, text='L', units='height', win=Window(...), wrapWidth=1)
5.3704 	EXP 	window1: mouseVisible = True
5.3720 	EXP 	Created distr = TextStim(__class__=<class 'psychopy.visual.text.TextStim'>, alignHoriz=method-wrapper(...), alignText='center', alignVert=method-wrapper(...), anchorHoriz='center', anchorVert='center', antialias=True, autoDraw=False, autoLog=True, bold=False, color=array([1., 1., 1.]), colorSpace='rgb', contrast=1.0, depth=0.0, draggable=False, flipHoriz=False, flipVert=False, font='Arial', fontFiles=[], height=0.1, italic=False, languageStyle='LTR', name='distr', opacity=1, ori=310, pos=array([-0.29761872, -0.39743482]), rgb=UNKNOWN, text='L', units='height', win=Window(...), wrapWidth=1)
5.3721 	EXP 	window1: mouseVisible = True
5.3740 	EXP 	Created distr = TextStim(__class__=<class 'psychopy.visual.text.TextStim'>, alignHoriz=method-wrapper(...), alignText='center', alignVert=method-wrapper(...), anchorHoriz='center', anchorVert='center', antialias=True, autoDraw=False, autoLog=True, bold=False, color=array([1., 1., 1.]), colorSpace='rgb', contrast=1.0, depth=0.0, draggable=False, flipHoriz=False, flipVert=False, font='Arial', fontFiles=[], height=0.1, italic=False, languageStyle='LTR', name='distr', opacity=1, ori=18, pos=array([0.43501217, 0.31017729]), rgb=UNKNOWN, text='L', units='height', win=Window(...), wrapWidth=1)
5.3741 	EXP 	window1: mouseVisible = True
5.3757 	EXP 	Created distr = TextStim(__class__=<class 'psychopy.visual.text.TextStim'>, alignHoriz=method-wrapper(...), alignText='center', alignVert=method-wrapper(...), anchorHoriz='center', anchorVert='center', antialias=True, autoDraw=False, autoLog=True, bold=False, color=array([1., 1., 1.]), colorSpace='rgb', contrast=1.0, depth=0.0, draggable=False, flipHoriz=False, flipVert=False, font='Arial', fontFiles=[], height=0.1, italic=False, languageStyle='LTR', name='distr', opacity=1, ori=275, pos=array([ 0.03105027, -0.01337524]), rgb=UNKNOWN, text='L', units='height', win=Window(...), wrapWidth=1)
5.3758 	EXP 	window1: mouseVisible = True
5.3773 	EXP 	Created distr = TextStim(__class__=<class 'psychopy.visual.text.TextStim'>, alignHoriz=method-wrapper(...), alignText='center', alignVert=method-wrapper(...), anchorHoriz='center', anchorVert='center', antialias=True, autoDraw=False, autoLog=True, bold=False, color=array([1., 1., 1.]), colorSpace='rgb', contrast=1.0, depth=0.0, draggable=False, flipHoriz=False, flipVert=False, font='Arial', fontFiles=[], height=0.1, italic=False, languageStyle='LTR', name='distr', opacity=1, ori=153, pos=array([ 0.07649316, -0.18158046]), rgb=UNKNOWN, text='L', units='height', win=Window(...), wrapWidth=1)
5.3898 	EXP 	fixation: autoDraw = False
5.3898 	EXP 	target: autoDraw = False
5.3898 	EXP 	distr: autoDraw = False
5.3898 	EXP 	distr: autoDraw = False
5.3898 	EXP 	distr: autoDraw = False
5.3898 	EXP 	distr: autoDraw = False
5.3898 	EXP 	distr: autoDraw = False
5.3898 	EXP 	distr: autoDraw = False
5.3898 	EXP 	distr: autoDraw = False
5.3898 	EXP 	distr: autoDraw = False
5.3898 	EXP 	distr: autoDraw = False
5.3898 	EXP 	distr: autoDraw = False
5.3898 	EXP 	distr: autoDraw = True
5.3898 	EXP 	distr: autoDraw = True
5.3898 	EXP 	distr: autoDraw = True
5.3898 	EXP 	distr: autoDraw = True
5.3898 	EXP 	distr: autoDraw = True
5.3898 	EXP 	distr: autoDraw = True
5.3898 	EXP 	distr: autoDraw = True
5.3898 	EXP 	distr: autoDraw = True
5.3898 	EXP 	distr: autoDraw = True
5.3898 	EXP 	distr: autoDraw = True
5.3898 	EXP 	fixation: autoDraw = True
5.3898 	EXP 	target: autoDraw = True
5.5761 	DATA 	Mouse:  Left button up, pos=(320,7)
6.8903 	DATA 	Mouse: Left button down, pos=(484,361)
6.8913 	EXP 	New trial (rep=3, index=0): <Trial 3 (0 in rep 3) data={'thisN': 3, 'thisTrialN': 0, 'thisRepN': 3}>
6.8916 	EXP 	window1: mouseVisible = True
6.8934 	EXP 	Created distr = TextStim(__class__=<class 'psychopy.visual.text.TextStim'>, alignHoriz=method-wrapper(...), alignText='center', alignVert=method-wrapper(...), anchorHoriz='center', anchorVert='center', antialias=True, autoDraw=False, autoLog=True, bold=False, color=array([1., 1., 1.]), colorSpace='rgb', contrast=1.0, depth=0.0, draggable=False, flipHoriz=False, flipVert=False, font='Arial', fontFiles=[], height=0.1, italic=False, languageStyle='LTR', name='distr', opacity=1, ori=318, pos=array([ 0.4584505 , -0.45503444]), rgb=UNKNOWN, text='L', units='height', win=Window(...), wrapWidth=1)
6.8935 	EXP 	window1: mouseVisible = True
6.8951 	EXP 	Created distr = TextStim(__class__=<class 'psychopy.visual.text.TextStim'>, alignHoriz=method-wrapper(...), alignText='center', alignVert=method-wrapper(...), anchorHoriz='center', anchorVert='center', antialias=True, autoDraw=False, autoLog=True, bold=False, color=array([1., 1., 1.]), colorSpace='rgb', contrast=1.0, depth=0.0, draggable=False, flipHoriz=False, flipVert=False, font='Arial', fontFiles=[], height=0.1, italic=False, languageStyle='LTR', name='distr', opacity=1, ori=48, pos=array([0.29034031, 0.16396351]), rgb=UNKNOWN, text='L', units='height', win=Window(...), wrapWidth=1)
6.8951 	EXP 	window1: mouseVisible = True
6.8967 	EXP 	Created distr = TextStim(__class__=<class 'psychopy.visual.text.TextStim'>, alignHoriz=method-wrapper(...), alignText='center', alignVert=method-wrapper(...), anchorHoriz='center', anchorVert='center', antialias=True, autoDraw=False, autoLog=True, bold=False, color=array([1., 1., 1.]), colorSpace='rgb', contrast=1.0, depth=0.0, draggable=False, flipHoriz=False, flipVert=False, font='Arial', fontFiles=[], height=0.1, italic=False, languageStyle='LTR', name='distr', opacity=1, ori=163, pos=array([ 0.47817196, -0.04122285]), rgb=UNKNOWN, text='L', units='height', win=Window(...), wrapWidth=1)
6.8967 	EXP 	window1: mouseVisible = True
6.8987 	EXP 	Created distr = TextStim(__class__=<class 'psychopy.visual.text.TextStim'>, alignHoriz=method-wrapper(...), alignText='center', alignVert=method-wrapper(...), anchorHoriz='center', anchorVert='center', antialias=True, autoDraw=False, autoLog=True, bold=False, color=array([1., 1., 1.]), colorSpace='rgb', contrast=1.0, depth=0.0, draggable=False, flipHoriz=False, flipVert=False, font='Arial', fontFiles=[], height=0.1, italic=False, languageStyle='LTR', name='distr', opacity=1, ori=41, pos=array([0.49495101, 0.16342249]), rgb=UNKNOWN, text='L', units='height', win=Window(...), wrapWidth=1)
6.8987 	EXP 	window1: mouseVisible = True
6.9001 	EXP 	Created distr = TextStim(__class__=<class 'psychopy.visual.text.TextStim'>, alignHoriz=method-wrapper(...), alignText='center', alignVert=method-wrapper(...), anchorHoriz='center', anchorVert='center', antialias=True, autoDraw=False, autoLog=True, bold=False, color=array([1., 1., 1.]), colorSpace='rgb', contrast=1.0, depth=0.0, draggable=False, flipHoriz=False, flipVert=False, font='Arial', fontFiles=[], height=0.1, italic=False, languageStyle='LTR', name='distr', opacity=1, ori=253, pos=array([0.34138643, 0.18847749]), rgb=UNKNOWN, text='L', units='height', win=Window(...), wrapWidth=1)
6.9064 	EXP 	fixation: autoDraw = False
6.9064 	EXP 	target: autoDraw = False
6.9064 	EXP 	distr: autoDraw = False
6.9064 	EXP 	distr: autoDraw = False
6.9064 	EXP 	distr: autoDraw = False
6.9064 	EXP 	distr: autoDraw = False
6.9064 	EXP 	distr: autoDraw = False
6.9064 	EXP 	distr: autoDraw = False
6.9064 	EXP 	distr: autoDraw = False
6.9064 	EXP 	distr: autoDraw = False
6.9064 	EXP 	distr: autoDraw = False
6.9064 	EXP 	distr: autoDraw = False
6.9064 	EXP 	distr: autoDraw = True
6.9064 	EXP 	distr: autoDraw = True
6.9064 	EXP 	distr: autoDraw = True
6.9064 	EXP 	distr: autoDraw = True
6.9064 	EXP 	distr: autoDraw = True
6.9064 	EXP 	fixation: autoDraw = True
6.9064 	EXP 	target: autoDraw = True
7.1076 	DATA 	Mouse:  Left button up, pos=(484,361)
8.8911 	DATA 	Mouse: Left button down, pos=(462,45)
8.8927 	EXP 	New trial (rep=4, index=0): <Trial 4 (0 in rep 4) data={'thisN': 4, 'thisTrialN': 0, 'thisRepN': 4}>
8.8931 	EXP 	window1: mouseVisible = True
8.8957 	EXP 	Created distr = TextStim(__class__=<class 'psychopy.visual.text.TextStim'>, alignHoriz=method-wrapper(...), alignText='center', alignVert=method-wrapper(...), anchorHoriz='center', anchorVert='center', antialias=True, autoDraw=False, autoLog=True, bold=False, color=array([1., 1., 1.]), colorSpace='rgb', contrast=1.0, depth=0.0, draggable=False, flipHoriz=False, flipVert=False, font='Arial', fontFiles=[], height=0.1, italic=False, languageStyle='LTR', name='distr', opacity=1, ori=8, pos=array([0.31001464, 0.17799507]), rgb=UNKNOWN, text='L', units='height', win=Window(...), wrapWidth=1)
8.8958 	EXP 	window1: mouseVisible = True
8.8978 	EXP 	Created distr = TextStim(__class__=<class 'psychopy.visual.text.TextStim'>, alignHoriz=method-wrapper(...), alignText='center', alignVert=method-wrapper(...), anchorHoriz='center', anchorVert='center', antialias=True, autoDraw=False, autoLog=True, bold=False, color=array([1., 1., 1.]), colorSpace='rgb', contrast=1.0, depth=0.0, draggable=False, flipHoriz=False, flipVert=False, font='Arial', fontFiles=[], height=0.1, italic=False, languageStyle='LTR', name='distr', opacity=1, ori=278, pos=array([-0.21062818, -0.32477196]), rgb=UNKNOWN, text='L', units='height', win=Window(...), wrapWidth=1)
8.8979 	EXP 	window1: mouseVisible = True
8.8996 	EXP 	Created distr = TextStim(__class__=<class 'psychopy.visual.text.TextStim'>, alignHoriz=method-wrapper(...), alignText='center', alignVert=method-wrapper(...), anchorHoriz='center', anchorVert='center', antialias=True, autoDraw=False, autoLog=True, bold=False, color=array([1., 1., 1.]), colorSpace='rgb', contrast=1.0, depth=0.0, draggable=False, flipHoriz=False, flipVert=False, font='Arial', fontFiles=[], height=0.1, italic=False, languageStyle='LTR', name='distr', opacity=1, ori=8, pos=array([-0.17267137,  0.02570682]), rgb=UNKNOWN, text='L', units='height', win=Window(...), wrapWidth=1)
8.8997 	EXP 	window1: mouseVisible = True
8.9011 	EXP 	Created distr = TextStim(__class__=<class 'psychopy.visual.text.TextStim'>, alignHoriz=method-wrapper(...), alignText='center', alignVert=method-wrapper(...), anchorHoriz='center', anchorVert='center', antialias=True, autoDraw=False, autoLog=True, bold=False, color=array([1., 1., 1.]), colorSpace='rgb', contrast=1.0, depth=0.0, draggable=False, flipHoriz=False, flipVert=False, font='Arial', fontFiles=[], height=0.1, italic=False, languageStyle='LTR', name='distr', opacity=1, ori=155, pos=array([0.22867007, 0.31121978]), rgb=UNKNOWN, text='L', units='height', win=Window(...), wrapWidth=1)
8.9012 	EXP 	window1: mouseVisible = True
8.9027 	EXP 	Created distr = TextStim(__class__=<class 'psychopy.visual.text.TextStim'>, alignHoriz=method-wrapper(...), alignText='center', alignVert=method-wrapper(...), anchorHoriz='center', anchorVert='center', antialias=True, autoDraw=False, autoLog=True, bold=False, color=array([1., 1., 1.]), colorSpace='rgb', contrast=1.0, depth=0.0, draggable=False, flipHoriz=False, flipVert=False, font='Arial', fontFiles=[], height=0.1, italic=False, languageStyle='LTR', name='distr', opacity=1, ori=15, pos=array([0.04459253, 0.46913947]), rgb=UNKNOWN, text='L', units='height', win=Window(...), wrapWidth=1)
8.9224 	EXP 	fixation: autoDraw = False
8.9224 	EXP 	target: autoDraw = False
8.9224 	EXP 	distr: autoDraw = False
8.9224 	EXP 	distr: autoDraw = False
8.9224 	EXP 	distr: autoDraw = False
8.9224 	EXP 	distr: autoDraw = False
8.9224 	EXP 	distr: autoDraw = False
8.9224 	EXP 	distr: autoDraw = True
8.9224 	EXP 	distr: autoDraw = True
8.9224 	EXP 	distr: autoDraw = True
8.9224 	EXP 	distr: autoDraw = True
8.9224 	EXP 	distr: autoDraw = True
8.9224 	EXP 	fixation: autoDraw = True
8.9224 	EXP 	target: autoDraw = True
9.1083 	DATA 	Mouse:  Left button up, pos=(462,45)
10.4073 	DATA 	Mouse: Left button down, pos=(295,50)
10.4228 	EXP 	fixation: autoDraw = False
10.4228 	EXP 	target: autoDraw = False
10.4228 	EXP 	distr: autoDraw = False
10.4228 	EXP 	distr: autoDraw = False
10.4228 	EXP 	distr: autoDraw = False
10.4228 	EXP 	distr: autoDraw = False
10.4228 	EXP 	distr: autoDraw = False
10.4229 	EXP 	visual_search1: status = STOPPED
10.4301 	INFO 	saved data to 'D:\\Prisha AU\\MONSOON 2024\\PSY310 - LAB\\Tutorials\\Tutorial 5\\data/767595_visual_search1_2024-10-04_11h01.19.283.csv'
10.4526 	INFO 	saved data to D:\Prisha AU\MONSOON 2024\PSY310 - LAB\Tutorials\Tutorial 5\data/767595_visual_search1_2024-10-04_11h01.19.283.psydat
10.4866 	EXP 	window1: mouseVisible = True
