6.5912 	DEBUG 	Fullscreen settings ignored as running in pilot mode.
6.5927 	INFO 	Loaded monitor calibration from ['2024_08_09 11:30']
6.7612 	EXP 	Created window1 = Window(allowGUI=True, allowStencil=False, autoLog=True, backendConf=UNKNOWN, backgroundFit=<method-wrapper '__getattribute__' of attributeSetter object at 0x000001CCFBBDD910>, backgroundImage=<method-wrapper '__getattribute__' of attributeSetter object at 0x000001CCFBBDD8B0>, bitsMode=UNKNOWN, blendMode='avg', bpc=(8, 8, 8), color=array([0, 0, 0]), colorSpace='rgb', depthBits=8, fullscr=<method-wrapper '__getattribute__' of attributeSetter object at 0x000001CCFBBDD700>, gamma=None, gammaErrorPolicy='raise', infoMsg=UNKNOWN, lms=UNKNOWN, monitor=<psychopy.monitors.calibTools.Monitor object at 0x000001CCFBFA3850>, multiSample=False, name='window1', numSamples=2, pos=[560.0, 240.0], screen=0, size=array([800, 600]), stencilBits=0, stereo=False, title='PsychoPy', units='height', useFBO=True, useRetina=False, viewOri=0.0, viewPos=None, viewScale=None, waitBlanking=True, winType='pyglet')
6.7613 	EXP 	window1: backgroundImage = ''
6.7613 	EXP 	window1: backgroundFit = 'none'
6.7616 	EXP 	window1: mouseVisible = <method-wrapper '__getattribute__' of attributeSetter object at 0x000001CCFBBDDA30>
6.7619 	EXP 	window1: mouseVisible = <method-wrapper '__getattribute__' of attributeSetter object at 0x000001CCFBBDDA30>
6.7645 	EXP 	window1: mouseVisible = <method-wrapper '__getattribute__' of attributeSetter object at 0x000001CCFBBDDA30>
6.7652 	EXP 	window1: mouseVisible = <method-wrapper '__getattribute__' of attributeSetter object at 0x000001CCFBBDDA30>
6.7713 	DEBUG 	TextBox2 loaded 1 chars with 0 blanks and 1 valid
6.7727 	DEBUG 	TextBox2 loaded 1 chars with 0 blanks and 1 valid
6.7742 	DEBUG 	TextBox2 loaded 1 chars with 0 blanks and 1 valid
6.7759 	DEBUG 	TextBox2 loaded 1 chars with 0 blanks and 1 valid
6.7776 	DEBUG 	TextBox2 loaded 1 chars with 0 blanks and 1 valid
6.7788 	DEBUG 	TextBox2 loaded 1 chars with 0 blanks and 1 valid
6.7801 	DEBUG 	TextBox2 loaded 1 chars with 0 blanks and 1 valid
6.7817 	DEBUG 	TextBox2 loaded 1 chars with 0 blanks and 1 valid
6.7826 	DEBUG 	TextBox2 loaded 1 chars with 0 blanks and 1 valid
6.7835 	DEBUG 	TextBox2 loaded 1 chars with 0 blanks and 1 valid
6.7848 	DEBUG 	TextBox2 loaded 1 chars with 0 blanks and 1 valid
6.7862 	DEBUG 	TextBox2 loaded 1 chars with 0 blanks and 1 valid
6.7879 	DEBUG 	TextBox2 loaded 1 chars with 0 blanks and 1 valid
6.7894 	DEBUG 	TextBox2 loaded 1 chars with 0 blanks and 1 valid
6.7907 	DEBUG 	TextBox2 loaded 1 chars with 0 blanks and 1 valid
6.7920 	DEBUG 	TextBox2 loaded 1 chars with 0 blanks and 1 valid
6.7935 	DEBUG 	TextBox2 loaded 1 chars with 0 blanks and 1 valid
6.7945 	DEBUG 	TextBox2 loaded 1 chars with 0 blanks and 1 valid
6.7955 	DEBUG 	TextBox2 loaded 1 chars with 0 blanks and 1 valid
6.7970 	DEBUG 	TextBox2 loaded 1 chars with 0 blanks and 1 valid
6.7979 	DEBUG 	TextBox2 loaded 1 chars with 0 blanks and 1 valid
6.7983 	DEBUG 	Uploading Texture Font fontname to graphics card
6.8068 	DEBUG 	Upload of Texture Font fontname complete
6.8084 	EXP 	window1: mouseVisible = <method-wrapper '__getattribute__' of attributeSetter object at 0x000001CCFBBDDA30>
6.8086 	EXP 	window1: mouseVisible = <method-wrapper '__getattribute__' of attributeSetter object at 0x000001CCFBBDDA30>
6.8094 	EXP 	window1: mouseVisible = <method-wrapper '__getattribute__' of attributeSetter object at 0x000001CCFBBDDA30>
6.8101 	EXP 	window1: mouseVisible = <method-wrapper '__getattribute__' of attributeSetter object at 0x000001CCFBBDDA30>
6.8151 	DEBUG 	TextBox2 loaded 1 chars with 0 blanks and 1 valid
6.8167 	DEBUG 	TextBox2 loaded 1 chars with 0 blanks and 1 valid
6.8183 	DEBUG 	TextBox2 loaded 1 chars with 0 blanks and 1 valid
6.8186 	DEBUG 	Uploading Texture Font fontname to graphics card
6.8259 	DEBUG 	Upload of Texture Font fontname complete
6.8297 	EXP 	window1: Attempting to measure frame rate of screen (0) ...
6.8298 	EXP 	window1: recordFrameIntervals = False
7.0085 	EXP 	window1: recordFrameIntervals = True
7.1918 	EXP 	Screen (0) actual frame rate measured at 60.08Hz
7.1919 	EXP 	window1: recordFrameIntervals = False
7.1920 	EXP 	window1: mouseVisible = False
7.1927 	EXP 	window1: mouseVisible = False
7.1930 	EXP 	window1: mouseVisible = False
7.1940 	EXP 	window1: mouseVisible = False
7.1948 	EXP 	window1: mouseVisible = False
7.2024 	DEBUG 	TextBox2 loaded 1 chars with 0 blanks and 1 valid
7.2039 	DEBUG 	TextBox2 loaded 1 chars with 0 blanks and 1 valid
7.2056 	DEBUG 	TextBox2 loaded 1 chars with 0 blanks and 1 valid
7.2079 	DEBUG 	TextBox2 loaded 1 chars with 0 blanks and 1 valid
7.2092 	DEBUG 	TextBox2 loaded 1 chars with 0 blanks and 1 valid
7.2104 	DEBUG 	TextBox2 loaded 1 chars with 0 blanks and 1 valid
7.2111 	DEBUG 	TextBox2 loaded 1 chars with 0 blanks and 1 valid
7.2122 	DEBUG 	TextBox2 loaded 1 chars with 0 blanks and 1 valid
7.2134 	DEBUG 	TextBox2 loaded 1 chars with 0 blanks and 1 valid
7.2145 	DEBUG 	TextBox2 loaded 1 chars with 0 blanks and 1 valid
7.2149 	DEBUG 	Uploading Texture Font fontname to graphics card
7.2154 	DEBUG 	Upload of Texture Font fontname complete
7.2168 	EXP 	window1: mouseVisible = False
7.2169 	EXP 	window1: mouseVisible = False
7.2174 	EXP 	window1: mouseVisible = False
7.2178 	EXP 	window1: mouseVisible = False
7.2366 	WARNING 	launchHubServer: If using the iohub mouse or eyetracker devices, fullScr should be True.
9.1160 	INFO 	keyboard.Keyboard is using iohub backend.
9.1161 	INFO 	keyboard.Keyboard is using iohub backend.
9.1161 	EXP 	Adaptive_Staircase: status = STARTED
9.1163 	EXP 	window1: mouseVisible = False
9.1191 	EXP 	Created fixation = ShapeStim(__class__=<class 'psychopy.visual.shape.ShapeStim'>, anchor=('center', 'center'), autoDraw=False, autoLog=True, closeShape=True, color=method-wrapper(...), colorSpace='rgb', contrast=None, depth=0.0, draggable=False, fillColor=array([1, 1, 1]), fillColorSpace='rgb', fillRGB=array([1, 1, 1]), interpolate=True, lineColor=array([1., 1., 1.]), lineColorSpace='rgb', lineRGB=array([1, 1, 1]), lineWidth=1.0, name='fixation', opacity=1.0, ori=0.0, pos=array([0., 0.]), size=array([0.1, 0.1]), units='height', vertices=ndarray(...), win=Window(...), windingRule=None)
9.1193 	EXP 	window1: mouseVisible = False
9.1233 	EXP 	Created grating = GratingStim(__class__=<class 'psychopy.visual.grating.GratingStim'>, anchor='center', autoDraw=False, autoLog=True, blendmode='avg', color=array([0.5, 0.5, 0.5]), colorSpace='rgb', contrast=0.5, depth=-1.0, draggable=False, interpolate=True, mask='gauss', maskParams=None, name='grating', opacity=1.0, ori=1.0, phase=array([0., 0.]), pos=array([0., 0.]), rgbPedestal=array([0., 0., 0.]), sf=array([8., 8.]), size=array([0.3, 0.3]), tex='sin', texRes=128.0, units='height', win=Window(...))
0.0454 	EXP 	window1: mouseVisible = True
0.0496 	DEBUG 	Saving data for Adaptive_Staircase ExperimentHandler
0.1427 	INFO 	saved data to D:\Prisha AU\MONSOON 2024\LAB IN PSYCH\Tutorials\Tutorial 3\data/932312_Adaptive_Staircase_2024-09-06_11h49.08.661.psydat
0.1432 	INFO 	saved data to 'D:\\Prisha AU\\MONSOON 2024\\LAB IN PSYCH\\Tutorials\\Tutorial 3\\data/932312_Adaptive_Staircase_2024-09-06_11h49.08.661.csv'
