13.4817 	INFO 	Loaded monitor calibration from ['2024_08_09 11:30']
13.5311 	WARNING 	User requested fullscreen with size [1024  768], but screen is actually [1920, 1080]. Using actual size
14.2912 	EXP 	Created window1 = Window(allowGUI=True, allowStencil=False, autoLog=True, backendConf=UNKNOWN, backgroundFit=<method-wrapper '__getattribute__' of attributeSetter object at 0x00000173E2E6E290>, backgroundImage=<method-wrapper '__getattribute__' of attributeSetter object at 0x00000173E2E6E230>, bitsMode=UNKNOWN, blendMode='avg', bpc=(8, 8, 8), color=array([0, 0, 0]), colorSpace='rgb', depthBits=8, fullscr=<method-wrapper '__getattribute__' of attributeSetter object at 0x00000173E2E6E080>, gamma=None, gammaErrorPolicy='raise', infoMsg=UNKNOWN, lms=UNKNOWN, monitor=<psychopy.monitors.calibTools.Monitor object at 0x00000173E2F27880>, multiSample=False, name='window1', numSamples=2, pos=[0.0, 0.0], screen=0, size=array([1920, 1080]), stencilBits=0, stereo=False, title='PsychoPy', units='height', useFBO=True, useRetina=False, viewOri=0.0, viewPos=None, viewScale=None, waitBlanking=True, winType='pyglet')
14.2914 	EXP 	window1: backgroundImage = ''
14.2915 	EXP 	window1: backgroundFit = 'none'
14.2919 	EXP 	window1: mouseVisible = <method-wrapper '__getattribute__' of attributeSetter object at 0x00000173E2E6E3B0>
14.2923 	EXP 	window1: mouseVisible = <method-wrapper '__getattribute__' of attributeSetter object at 0x00000173E2E6E3B0>
14.2985 	EXP 	window1: mouseVisible = <method-wrapper '__getattribute__' of attributeSetter object at 0x00000173E2E6E3B0>
14.3002 	EXP 	window1: mouseVisible = <method-wrapper '__getattribute__' of attributeSetter object at 0x00000173E2E6E3B0>
14.4791 	EXP 	window1: mouseVisible = <method-wrapper '__getattribute__' of attributeSetter object at 0x00000173E2E6E3B0>
14.4795 	EXP 	window1: mouseVisible = <method-wrapper '__getattribute__' of attributeSetter object at 0x00000173E2E6E3B0>
14.4816 	EXP 	window1: mouseVisible = <method-wrapper '__getattribute__' of attributeSetter object at 0x00000173E2E6E3B0>
14.4837 	EXP 	window1: mouseVisible = <method-wrapper '__getattribute__' of attributeSetter object at 0x00000173E2E6E3B0>
14.5453 	EXP 	window1: Attempting to measure frame rate of screen (0) ...
14.5454 	EXP 	window1: recordFrameIntervals = False
14.7044 	EXP 	window1: recordFrameIntervals = True
14.8885 	EXP 	Screen (0) actual frame rate measured at 59.92Hz
14.8886 	EXP 	window1: recordFrameIntervals = False
14.8888 	EXP 	window1: mouseVisible = False
18.4010 	INFO 	keyboard.Keyboard is using iohub backend.
18.4025 	INFO 	keyboard.Keyboard is using iohub backend.
18.4026 	EXP 	delaydiscounting: status = STARTED
18.4029 	EXP 	window1: mouseVisible = False
18.4109 	EXP 	Created fixation = ShapeStim(__class__=<class 'psychopy.visual.shape.ShapeStim'>, anchor=('center', 'center'), autoDraw=False, autoLog=True, closeShape=True, color=method-wrapper(...), colorSpace='rgb', contrast=None, depth=0.0, draggable=False, fillColor=array([1, 1, 1]), fillColorSpace='rgb', fillRGB=array([1, 1, 1]), interpolate=True, lineColor=array([1., 1., 1.]), lineColorSpace='rgb', lineRGB=array([1, 1, 1]), lineWidth=1.0, name='fixation', opacity=1, ori=0.0, pos=array([0., 0.]), size=array([0.05, 0.05]), units='height', vertices=ndarray(...), win=Window(...), windingRule=None)
18.4113 	EXP 	window1: mouseVisible = False
18.4807 	EXP 	Created text = TextStim(__class__=<class 'psychopy.visual.text.TextStim'>, alignHoriz=method-wrapper(...), alignText='center', alignVert=method-wrapper(...), anchorHoriz='center', anchorVert='center', antialias=True, autoDraw=False, autoLog=True, bold=False, color=array([1., 1., 1.]), colorSpace='rgb', contrast=1.0, depth=-1.0, draggable=False, flipHoriz=False, flipVert=False, font='Arial', fontFiles=[], height=0.05, italic=False, languageStyle='LTR', name='text', opacity=1, ori=0.0, pos=array([0., 0.]), rgb=UNKNOWN, text='', units='height', win=Window(...), wrapWidth=1)
0.0203 	EXP 	Imported delay_conds.xlsx as conditions, 7 conditions, 3 params
0.0209 	EXP 	New trial (rep=0, index=0): <Trial 0 (0 in rep 0) data={'reward_today': 78, 'future_reward': 80, 'delay': 162, 'thisN': 0, 'thisTrialN': 0, 'thisRepN': 0}>
0.1440 	EXP 	text: height = 0.05
0.1440 	EXP 	text: height = 0.05
0.1440 	EXP 	text: height = 0.05
0.1440 	EXP 	text: text = 'GBP 78 today or  GBP 80 after 162 days'
0.1440 	EXP 	fixation: autoDraw = True
1.0075 	INFO 	Keyboard events cleared
1.0067 	EXP 	text: autoDraw = True
1.1565 	EXP 	fixation: autoDraw = False
6.4992 	EXP 	New trial (rep=0, index=1): <Trial 1 (1 in rep 0) data={'reward_today': 15, 'future_reward': 35, 'delay': 13, 'thisN': 1, 'thisTrialN': 1, 'thisRepN': 0}>
6.5158 	DATA 	Keypress: t
6.5186 	EXP 	fixation: autoDraw = False
6.5186 	EXP 	text: autoDraw = False
6.5186 	EXP 	text: height = 0.05
6.5186 	EXP 	text: height = 0.05
6.5186 	EXP 	text: height = 0.05
6.5186 	EXP 	text: text = 'GBP 15 today or  GBP 35 after 13 days'
6.5186 	EXP 	fixation: autoDraw = True
7.5068 	INFO 	Keyboard events cleared
7.5059 	EXP 	text: autoDraw = True
7.5224 	EXP 	fixation: autoDraw = False
14.4410 	EXP 	New trial (rep=0, index=2): <Trial 2 (2 in rep 0) data={'reward_today': 40, 'future_reward': 55, 'delay': 62, 'thisN': 2, 'thisTrialN': 2, 'thisRepN': 0}>
14.4512 	DATA 	Keypress: l
14.4549 	EXP 	fixation: autoDraw = False
14.4549 	EXP 	text: autoDraw = False
14.4549 	EXP 	text: height = 0.05
14.4549 	EXP 	text: height = 0.05
14.4549 	EXP 	text: height = 0.05
14.4549 	EXP 	text: text = 'GBP 40 today or  GBP 55 after 62 days'
14.4549 	EXP 	fixation: autoDraw = True
15.4557 	INFO 	Keyboard events cleared
15.4549 	EXP 	fixation: autoDraw = False
15.4549 	EXP 	text: autoDraw = True
17.6570 	EXP 	New trial (rep=0, index=3): <Trial 3 (3 in rep 0) data={'reward_today': 49, 'future_reward': 60, 'delay': 89, 'thisN': 3, 'thisTrialN': 3, 'thisRepN': 0}>
17.6671 	DATA 	Keypress: t
17.6712 	EXP 	fixation: autoDraw = False
17.6712 	EXP 	text: autoDraw = False
17.6712 	EXP 	text: height = 0.05
17.6712 	EXP 	text: height = 0.05
17.6712 	EXP 	text: height = 0.05
17.6712 	EXP 	text: text = 'GBP 49 today or  GBP 60 after 89 days'
17.6712 	EXP 	fixation: autoDraw = True
18.6720 	INFO 	Keyboard events cleared
18.6711 	EXP 	fixation: autoDraw = False
18.6711 	EXP 	text: autoDraw = True
21.2565 	EXP 	New trial (rep=0, index=4): <Trial 4 (4 in rep 0) data={'reward_today': 27, 'future_reward': 50, 'delay': 21, 'thisN': 4, 'thisTrialN': 4, 'thisRepN': 0}>
21.2646 	DATA 	Keypress: t
21.2706 	EXP 	fixation: autoDraw = False
21.2706 	EXP 	text: autoDraw = False
21.2706 	EXP 	text: height = 0.05
21.2706 	EXP 	text: height = 0.05
21.2706 	EXP 	text: height = 0.05
21.2706 	EXP 	text: text = 'GBP 27 today or  GBP 50 after 21 days'
21.2706 	EXP 	fixation: autoDraw = True
22.2712 	INFO 	Keyboard events cleared
22.2706 	EXP 	fixation: autoDraw = False
22.2706 	EXP 	text: autoDraw = True
25.2227 	EXP 	New trial (rep=0, index=5): <Trial 5 (5 in rep 0) data={'reward_today': 67, 'future_reward': 75, 'delay': 119, 'thisN': 5, 'thisTrialN': 5, 'thisRepN': 0}>
25.2309 	DATA 	Keypress: l
25.2367 	EXP 	fixation: autoDraw = False
25.2367 	EXP 	text: autoDraw = False
25.2367 	EXP 	text: height = 0.05
25.2367 	EXP 	text: height = 0.05
25.2367 	EXP 	text: height = 0.05
25.2367 	EXP 	text: text = 'GBP 67 today or  GBP 75 after 119 days'
25.2367 	EXP 	fixation: autoDraw = True
26.2375 	INFO 	Keyboard events cleared
26.2367 	EXP 	fixation: autoDraw = False
26.2367 	EXP 	text: autoDraw = True
28.7224 	EXP 	New trial (rep=0, index=6): <Trial 6 (6 in rep 0) data={'reward_today': 11, 'future_reward': 30, 'delay': 7, 'thisN': 6, 'thisTrialN': 6, 'thisRepN': 0}>
28.7309 	DATA 	Keypress: t
28.7364 	EXP 	fixation: autoDraw = False
28.7364 	EXP 	text: autoDraw = False
28.7364 	EXP 	text: height = 0.05
28.7364 	EXP 	text: height = 0.05
28.7364 	EXP 	text: height = 0.05
28.7364 	EXP 	text: text = 'GBP 11 today or  GBP 30 after 7 days'
28.7364 	EXP 	fixation: autoDraw = True
29.7371 	INFO 	Keyboard events cleared
29.7362 	EXP 	fixation: autoDraw = False
29.7362 	EXP 	text: autoDraw = True
35.9386 	DATA 	Keypress: l
35.9524 	EXP 	fixation: autoDraw = False
35.9524 	EXP 	text: autoDraw = False
35.9527 	EXP 	delaydiscounting: status = STOPPED
36.0627 	INFO 	saved data to 'D:\\Prisha AU\\MONSOON 2024\\PSY310 - LAB\\Tutorials\\Tutorial 9\\Tutorial 9\\data/trial_delaydiscounting_2024-11-21_23h01.06.571.csv'
36.0716 	INFO 	saved data to D:\Prisha AU\MONSOON 2024\PSY310 - LAB\Tutorials\Tutorial 9\Tutorial 9\data/trial_delaydiscounting_2024-11-21_23h01.06.571.psydat
36.2244 	EXP 	window1: mouseVisible = True
