9.9486 	INFO 	Loaded monitor calibration from ['2024_08_09 11:30']
9.9624 	WARNING 	User requested fullscreen with size [1024  768], but screen is actually [1920, 1080]. Using actual size
10.4374 	EXP 	Created window1 = Window(allowGUI=True, allowStencil=False, autoLog=True, backendConf=UNKNOWN, backgroundFit=<method-wrapper '__getattribute__' of attributeSetter object at 0x000001CF24637250>, backgroundImage=<method-wrapper '__getattribute__' of attributeSetter object at 0x000001CF246371F0>, bitsMode=UNKNOWN, blendMode='avg', bpc=(8, 8, 8), color=array([0, 0, 0]), colorSpace='rgb', depthBits=8, fullscr=<method-wrapper '__getattribute__' of attributeSetter object at 0x000001CF24637040>, gamma=None, gammaErrorPolicy='raise', infoMsg=UNKNOWN, lms=UNKNOWN, monitor=<psychopy.monitors.calibTools.Monitor object at 0x000001CF247047C0>, multiSample=False, name='window1', numSamples=2, pos=[0.0, 0.0], screen=0, size=array([1920, 1080]), stencilBits=0, stereo=False, title='PsychoPy', units='height', useFBO=True, useRetina=False, viewOri=0.0, viewPos=None, viewScale=None, waitBlanking=True, winType='pyglet')
10.4375 	EXP 	window1: backgroundImage = ''
10.4375 	EXP 	window1: backgroundFit = 'none'
10.4384 	EXP 	window1: mouseVisible = <method-wrapper '__getattribute__' of attributeSetter object at 0x000001CF24637370>
10.4396 	EXP 	window1: mouseVisible = <method-wrapper '__getattribute__' of attributeSetter object at 0x000001CF24637370>
10.4433 	EXP 	window1: mouseVisible = <method-wrapper '__getattribute__' of attributeSetter object at 0x000001CF24637370>
10.4447 	EXP 	window1: mouseVisible = <method-wrapper '__getattribute__' of attributeSetter object at 0x000001CF24637370>
10.4974 	EXP 	window1: mouseVisible = <method-wrapper '__getattribute__' of attributeSetter object at 0x000001CF24637370>
10.4975 	EXP 	window1: mouseVisible = <method-wrapper '__getattribute__' of attributeSetter object at 0x000001CF24637370>
10.4981 	EXP 	window1: mouseVisible = <method-wrapper '__getattribute__' of attributeSetter object at 0x000001CF24637370>
10.4986 	EXP 	window1: mouseVisible = <method-wrapper '__getattribute__' of attributeSetter object at 0x000001CF24637370>
10.5157 	EXP 	window1: Attempting to measure frame rate of screen (0) ...
10.5157 	EXP 	window1: recordFrameIntervals = False
10.6946 	EXP 	window1: recordFrameIntervals = True
10.8786 	EXP 	Screen (0) actual frame rate measured at 60.07Hz
10.8787 	EXP 	window1: recordFrameIntervals = False
10.8790 	EXP 	window1: mouseVisible = False
12.4739 	INFO 	keyboard.Keyboard is using iohub backend.
12.4740 	INFO 	keyboard.Keyboard is using iohub backend.
12.4740 	INFO 	keyboard.Keyboard is using iohub backend.
12.4740 	INFO 	keyboard.Keyboard is using iohub backend.
12.4741 	EXP 	emotion_nonemotion: status = STARTED
12.4744 	EXP 	window1: mouseVisible = False
12.4950 	EXP 	Created stimuli = TextStim(__class__=<class 'psychopy.visual.text.TextStim'>, alignHoriz=method-wrapper(...), alignText='center', alignVert=method-wrapper(...), anchorHoriz='center', anchorVert='center', antialias=True, autoDraw=False, autoLog=True, bold=False, color=array([1., 1., 1.]), colorSpace='rgb', contrast=1.0, depth=0.0, draggable=False, flipHoriz=False, flipVert=False, font='Arial', fontFiles=[], height=0.06, italic=False, languageStyle='LTR', name='stimuli', opacity=1, ori=0.0, pos=array([0., 0.]), rgb=UNKNOWN, text='', units='height', win=Window(...), wrapWidth=1)
12.4951 	EXP 	window1: mouseVisible = False
12.5409 	EXP 	Created text = TextStim(__class__=<class 'psychopy.visual.text.TextStim'>, alignHoriz=method-wrapper(...), alignText='center', alignVert=method-wrapper(...), anchorHoriz='center', anchorVert='center', antialias=True, autoDraw=False, autoLog=True, bold=False, color=array([1., 1., 1.]), colorSpace='rgb', contrast=1.0, depth=0.0, draggable=False, flipHoriz=False, flipVert=False, font='Arial', fontFiles=[], height=0.05, italic=False, languageStyle='LTR', name='text', opacity=1, ori=0.0, pos=array([0., 0.]), rgb=UNKNOWN, text=str(...), units='height', win=Window(...), wrapWidth=1)
12.5410 	EXP 	window1: mouseVisible = False
12.5417 	EXP 	Created text_2 = TextStim(__class__=<class 'psychopy.visual.text.TextStim'>, alignHoriz=method-wrapper(...), alignText='center', alignVert=method-wrapper(...), anchorHoriz='center', anchorVert='center', antialias=True, autoDraw=False, autoLog=True, bold=False, color=array([1., 1., 1.]), colorSpace='rgb', contrast=1.0, depth=0.0, draggable=False, flipHoriz=False, flipVert=False, font='Arial', fontFiles=[], height=0.06, italic=False, languageStyle='LTR', name='text_2', opacity=1, ori=0.0, pos=array([0., 0.]), rgb=UNKNOWN, text='', units='height', win=Window(...), wrapWidth=1)
0.0098 	EXP 	Imported conditions_EN.xlsx as conditions, 7 conditions, 4 params
0.0101 	EXP 	New trial (rep=0, index=0): <Trial 0 (0 in rep 0) data={'S1': 'Grateful ', 'E_N': 'E', 'S2': 'Proud ', 'thisN': 0, 'thisTrialN': 0, 'thisRepN': 0}>
0.0216 	EXP 	stimuli: height = 0.06
0.0216 	EXP 	stimuli: height = 0.06
0.0216 	EXP 	stimuli: height = 0.06
0.0216 	EXP 	stimuli: text = 'Grateful '
0.0216 	EXP 	stimuli: autoDraw = True
0.8081 	EXP 	New trial (rep=0, index=1): <Trial 1 (1 in rep 0) data={'S1': 'Walk', 'E_N': 'N', 'S2': 'Table', 'thisN': 1, 'thisTrialN': 1, 'thisRepN': 0}>
0.8145 	DATA 	Keypress: space
0.8200 	EXP 	stimuli: autoDraw = False
0.8200 	EXP 	stimuli: height = 0.06
0.8200 	EXP 	stimuli: height = 0.06
0.8200 	EXP 	stimuli: height = 0.06
0.8200 	EXP 	stimuli: text = 'Walk'
0.8200 	EXP 	stimuli: autoDraw = True
4.1033 	EXP 	New trial (rep=0, index=2): <Trial 2 (2 in rep 0) data={'S1': 'Hopeful', 'E_N': 'E', 'S2': 'Guilty', 'thisN': 2, 'thisTrialN': 2, 'thisRepN': 0}>
4.1090 	DATA 	Keypress: space
4.1191 	EXP 	stimuli: autoDraw = False
4.1191 	EXP 	stimuli: height = 0.06
4.1191 	EXP 	stimuli: height = 0.06
4.1191 	EXP 	stimuli: height = 0.06
4.1191 	EXP 	stimuli: text = 'Hopeful'
4.1191 	EXP 	stimuli: autoDraw = True
6.4873 	EXP 	New trial (rep=0, index=3): <Trial 3 (3 in rep 0) data={'S1': 'Bridge', 'E_N': 'N', 'S2': 'Spoon', 'thisN': 3, 'thisTrialN': 3, 'thisRepN': 0}>
6.4969 	DATA 	Keypress: space
6.5018 	EXP 	stimuli: autoDraw = False
6.5018 	EXP 	stimuli: height = 0.06
6.5018 	EXP 	stimuli: height = 0.06
6.5018 	EXP 	stimuli: height = 0.06
6.5018 	EXP 	stimuli: text = 'Bridge'
6.5018 	EXP 	stimuli: autoDraw = True
8.1366 	EXP 	New trial (rep=0, index=4): <Trial 4 (4 in rep 0) data={'S1': 'Amused', 'E_N': 'E', 'S2': 'Happy ', 'thisN': 4, 'thisTrialN': 4, 'thisRepN': 0}>
8.1446 	DATA 	Keypress: space
8.1516 	EXP 	stimuli: autoDraw = False
8.1516 	EXP 	stimuli: height = 0.06
8.1516 	EXP 	stimuli: height = 0.06
8.1516 	EXP 	stimuli: height = 0.06
8.1516 	EXP 	stimuli: text = 'Amused'
8.1516 	EXP 	stimuli: autoDraw = True
10.8115 	DATA 	Keypress: space
10.8197 	EXP 	New trial (rep=0, index=5): <Trial 5 (5 in rep 0) data={'S1': 'Speak', 'E_N': 'N', 'S2': 'Pencil', 'thisN': 5, 'thisTrialN': 5, 'thisRepN': 0}>
10.8346 	EXP 	stimuli: autoDraw = False
10.8346 	EXP 	stimuli: height = 0.06
10.8346 	EXP 	stimuli: height = 0.06
10.8346 	EXP 	stimuli: height = 0.06
10.8346 	EXP 	stimuli: text = 'Speak'
10.8346 	EXP 	stimuli: autoDraw = True
12.2531 	EXP 	New trial (rep=0, index=6): <Trial 6 (6 in rep 0) data={'S1': 'Sad', 'E_N': 'E', 'S2': 'Love', 'thisN': 6, 'thisTrialN': 6, 'thisRepN': 0}>
12.2577 	DATA 	Keypress: space
12.2690 	EXP 	stimuli: autoDraw = False
12.2690 	EXP 	stimuli: height = 0.06
12.2690 	EXP 	stimuli: height = 0.06
12.2690 	EXP 	stimuli: height = 0.06
12.2690 	EXP 	stimuli: text = 'Sad'
12.2690 	EXP 	stimuli: autoDraw = True
13.7726 	DATA 	Keypress: space
13.7847 	INFO 	Keyboard events cleared
13.7842 	EXP 	stimuli: autoDraw = False
13.7842 	EXP 	text: autoDraw = True
29.4344 	DATA 	Keypress: v
30.1742 	EXP 	Imported conditions_EN.xlsx as conditions, 7 conditions, 4 params
30.1745 	EXP 	New trial (rep=0, index=0): <Trial 0 (0 in rep 0) data={'S1': 'Grateful ', 'E_N': 'E', 'S2': 'Proud ', 'thisN': 0, 'thisTrialN': 0, 'thisRepN': 0}>
30.1795 	DATA 	Keypress: space
30.1822 	EXP 	text: autoDraw = False
30.1822 	EXP 	text_2: height = 0.06
30.1822 	EXP 	text_2: height = 0.06
30.1822 	EXP 	text_2: height = 0.06
30.1822 	EXP 	text_2: text = 'Proud '
30.1822 	EXP 	text_2: autoDraw = True
33.3664 	EXP 	New trial (rep=0, index=1): <Trial 1 (1 in rep 0) data={'S1': 'Walk', 'E_N': 'N', 'S2': 'Table', 'thisN': 1, 'thisTrialN': 1, 'thisRepN': 0}>
33.3725 	DATA 	Keypress: space
33.3813 	EXP 	text_2: autoDraw = False
33.3813 	EXP 	text_2: height = 0.06
33.3813 	EXP 	text_2: height = 0.06
33.3813 	EXP 	text_2: height = 0.06
33.3813 	EXP 	text_2: text = 'Table'
33.3813 	EXP 	text_2: autoDraw = True
33.9841 	EXP 	New trial (rep=0, index=2): <Trial 2 (2 in rep 0) data={'S1': 'Hopeful', 'E_N': 'E', 'S2': 'Guilty', 'thisN': 2, 'thisTrialN': 2, 'thisRepN': 0}>
33.9900 	DATA 	Keypress: space
33.9980 	EXP 	text_2: autoDraw = False
33.9980 	EXP 	text_2: height = 0.06
33.9980 	EXP 	text_2: height = 0.06
33.9980 	EXP 	text_2: height = 0.06
33.9980 	EXP 	text_2: text = 'Guilty'
33.9980 	EXP 	text_2: autoDraw = True
36.3009 	EXP 	New trial (rep=0, index=3): <Trial 3 (3 in rep 0) data={'S1': 'Bridge', 'E_N': 'N', 'S2': 'Spoon', 'thisN': 3, 'thisTrialN': 3, 'thisRepN': 0}>
36.3083 	DATA 	Keypress: space
36.3148 	EXP 	text_2: autoDraw = False
36.3148 	EXP 	text_2: height = 0.06
36.3148 	EXP 	text_2: height = 0.06
36.3148 	EXP 	text_2: height = 0.06
36.3148 	EXP 	text_2: text = 'Spoon'
36.3148 	EXP 	text_2: autoDraw = True
37.2834 	EXP 	New trial (rep=0, index=4): <Trial 4 (4 in rep 0) data={'S1': 'Amused', 'E_N': 'E', 'S2': 'Happy ', 'thisN': 4, 'thisTrialN': 4, 'thisRepN': 0}>
37.2906 	DATA 	Keypress: space
37.2983 	EXP 	text_2: autoDraw = False
37.2983 	EXP 	text_2: height = 0.06
37.2983 	EXP 	text_2: height = 0.06
37.2983 	EXP 	text_2: height = 0.06
37.2983 	EXP 	text_2: text = 'Happy '
37.2983 	EXP 	text_2: autoDraw = True
39.4158 	EXP 	New trial (rep=0, index=5): <Trial 5 (5 in rep 0) data={'S1': 'Speak', 'E_N': 'N', 'S2': 'Pencil', 'thisN': 5, 'thisTrialN': 5, 'thisRepN': 0}>
39.4230 	DATA 	Keypress: space
39.4311 	EXP 	text_2: autoDraw = False
39.4311 	EXP 	text_2: height = 0.06
39.4311 	EXP 	text_2: height = 0.06
39.4311 	EXP 	text_2: height = 0.06
39.4311 	EXP 	text_2: text = 'Pencil'
39.4311 	EXP 	text_2: autoDraw = True
41.0838 	EXP 	New trial (rep=0, index=6): <Trial 6 (6 in rep 0) data={'S1': 'Sad', 'E_N': 'E', 'S2': 'Love', 'thisN': 6, 'thisTrialN': 6, 'thisRepN': 0}>
41.0919 	DATA 	Keypress: space
41.0978 	EXP 	text_2: autoDraw = False
41.0978 	EXP 	text_2: height = 0.06
41.0978 	EXP 	text_2: height = 0.06
41.0978 	EXP 	text_2: height = 0.06
41.0978 	EXP 	text_2: text = 'Love'
41.0978 	EXP 	text_2: autoDraw = True
44.4323 	DATA 	Keypress: space
44.4471 	EXP 	text_2: autoDraw = False
44.4472 	EXP 	emotion_nonemotion: status = STOPPED
44.4539 	INFO 	saved data to 'D:\\Prisha AU\\PSY416_Emotions\\data/P8_emotion_nonemotion_2025-04-16_19h11.11.203.csv'
44.4557 	INFO 	saved data to D:\Prisha AU\PSY416_Emotions\data/P8_emotion_nonemotion_2025-04-16_19h11.11.203.psydat
44.6506 	EXP 	window1: mouseVisible = True
