14.7683 	INFO 	Loaded monitor calibration from ['2024_08_09 11:30']
14.7817 	WARNING 	User requested fullscreen with size [1024  768], but screen is actually [1920, 1080]. Using actual size
15.2888 	EXP 	Created window1 = Window(allowGUI=True, allowStencil=False, autoLog=True, backendConf=UNKNOWN, backgroundFit=<method-wrapper '__getattribute__' of attributeSetter object at 0x000001FF3FCC72B0>, backgroundImage=<method-wrapper '__getattribute__' of attributeSetter object at 0x000001FF3FCC7250>, bitsMode=UNKNOWN, blendMode='avg', bpc=(8, 8, 8), color=array([0, 0, 0]), colorSpace='rgb', depthBits=8, fullscr=<method-wrapper '__getattribute__' of attributeSetter object at 0x000001FF3FCC70A0>, gamma=None, gammaErrorPolicy='raise', infoMsg=UNKNOWN, lms=UNKNOWN, monitor=<psychopy.monitors.calibTools.Monitor object at 0x000001FF3FD94820>, multiSample=False, name='window1', numSamples=2, pos=[0.0, 0.0], screen=0, size=array([1920, 1080]), stencilBits=0, stereo=False, title='PsychoPy', units='height', useFBO=True, useRetina=False, viewOri=0.0, viewPos=None, viewScale=None, waitBlanking=True, winType='pyglet')
15.2889 	EXP 	window1: backgroundImage = ''
15.2889 	EXP 	window1: backgroundFit = 'none'
15.2893 	EXP 	window1: mouseVisible = <method-wrapper '__getattribute__' of attributeSetter object at 0x000001FF3FCC73D0>
15.2895 	EXP 	window1: mouseVisible = <method-wrapper '__getattribute__' of attributeSetter object at 0x000001FF3FCC73D0>
15.2930 	EXP 	window1: mouseVisible = <method-wrapper '__getattribute__' of attributeSetter object at 0x000001FF3FCC73D0>
15.2945 	EXP 	window1: mouseVisible = <method-wrapper '__getattribute__' of attributeSetter object at 0x000001FF3FCC73D0>
15.3796 	EXP 	window1: mouseVisible = <method-wrapper '__getattribute__' of attributeSetter object at 0x000001FF3FCC73D0>
15.3797 	EXP 	window1: mouseVisible = <method-wrapper '__getattribute__' of attributeSetter object at 0x000001FF3FCC73D0>
15.3806 	EXP 	window1: mouseVisible = <method-wrapper '__getattribute__' of attributeSetter object at 0x000001FF3FCC73D0>
15.3814 	EXP 	window1: mouseVisible = <method-wrapper '__getattribute__' of attributeSetter object at 0x000001FF3FCC73D0>
15.4311 	EXP 	window1: Attempting to measure frame rate of screen (0) ...
15.4311 	EXP 	window1: recordFrameIntervals = False
15.6241 	EXP 	window1: recordFrameIntervals = True
15.8079 	EXP 	Screen (0) actual frame rate measured at 59.86Hz
15.8079 	EXP 	window1: recordFrameIntervals = False
15.8082 	EXP 	window1: mouseVisible = False
17.4147 	INFO 	keyboard.Keyboard is using iohub backend.
17.4148 	INFO 	keyboard.Keyboard is using iohub backend.
17.4148 	INFO 	keyboard.Keyboard is using iohub backend.
17.4149 	INFO 	keyboard.Keyboard is using iohub backend.
17.4149 	EXP 	emotion_nonemotion: status = STARTED
17.4151 	EXP 	window1: mouseVisible = False
17.4333 	EXP 	Created stimuli = TextStim(__class__=<class 'psychopy.visual.text.TextStim'>, alignHoriz=method-wrapper(...), alignText='center', alignVert=method-wrapper(...), anchorHoriz='center', anchorVert='center', antialias=True, autoDraw=False, autoLog=True, bold=False, color=array([1., 1., 1.]), colorSpace='rgb', contrast=1.0, depth=0.0, draggable=False, flipHoriz=False, flipVert=False, font='Arial', fontFiles=[], height=0.06, italic=False, languageStyle='LTR', name='stimuli', opacity=1, ori=0.0, pos=array([0., 0.]), rgb=UNKNOWN, text='', units='height', win=Window(...), wrapWidth=1)
17.4334 	EXP 	window1: mouseVisible = False
17.4840 	EXP 	Created text = TextStim(__class__=<class 'psychopy.visual.text.TextStim'>, alignHoriz=method-wrapper(...), alignText='center', alignVert=method-wrapper(...), anchorHoriz='center', anchorVert='center', antialias=True, autoDraw=False, autoLog=True, bold=False, color=array([1., 1., 1.]), colorSpace='rgb', contrast=1.0, depth=0.0, draggable=False, flipHoriz=False, flipVert=False, font='Arial', fontFiles=[], height=0.05, italic=False, languageStyle='LTR', name='text', opacity=1, ori=0.0, pos=array([0., 0.]), rgb=UNKNOWN, text=str(...), units='height', win=Window(...), wrapWidth=1)
17.4841 	EXP 	window1: mouseVisible = False
17.4849 	EXP 	Created text_2 = TextStim(__class__=<class 'psychopy.visual.text.TextStim'>, alignHoriz=method-wrapper(...), alignText='center', alignVert=method-wrapper(...), anchorHoriz='center', anchorVert='center', antialias=True, autoDraw=False, autoLog=True, bold=False, color=array([1., 1., 1.]), colorSpace='rgb', contrast=1.0, depth=0.0, draggable=False, flipHoriz=False, flipVert=False, font='Arial', fontFiles=[], height=0.06, italic=False, languageStyle='LTR', name='text_2', opacity=1, ori=0.0, pos=array([0., 0.]), rgb=UNKNOWN, text='', units='height', win=Window(...), wrapWidth=1)
0.0113 	EXP 	Imported conditions_EN.xlsx as conditions, 7 conditions, 4 params
0.0116 	EXP 	New trial (rep=0, index=0): <Trial 0 (0 in rep 0) data={'S1': 'Grateful ', 'E_N': 'E', 'S2': 'Proud ', 'thisN': 0, 'thisTrialN': 0, 'thisRepN': 0}>
0.0241 	EXP 	stimuli: height = 0.06
0.0241 	EXP 	stimuli: height = 0.06
0.0241 	EXP 	stimuli: height = 0.06
0.0241 	EXP 	stimuli: text = 'Grateful '
0.0241 	EXP 	stimuli: autoDraw = True
5.8617 	EXP 	New trial (rep=0, index=1): <Trial 1 (1 in rep 0) data={'S1': 'Walk', 'E_N': 'N', 'S2': 'Table', 'thisN': 1, 'thisTrialN': 1, 'thisRepN': 0}>
5.8679 	DATA 	Keypress: space
5.8719 	EXP 	stimuli: autoDraw = False
5.8719 	EXP 	stimuli: height = 0.06
5.8719 	EXP 	stimuli: height = 0.06
5.8719 	EXP 	stimuli: height = 0.06
5.8719 	EXP 	stimuli: text = 'Walk'
5.8719 	EXP 	stimuli: autoDraw = True
7.6903 	EXP 	New trial (rep=0, index=2): <Trial 2 (2 in rep 0) data={'S1': 'Hopeful', 'E_N': 'E', 'S2': 'Guilty', 'thisN': 2, 'thisTrialN': 2, 'thisRepN': 0}>
7.6985 	DATA 	Keypress: space
7.7044 	EXP 	stimuli: autoDraw = False
7.7044 	EXP 	stimuli: height = 0.06
7.7044 	EXP 	stimuli: height = 0.06
7.7044 	EXP 	stimuli: height = 0.06
7.7044 	EXP 	stimuli: text = 'Hopeful'
7.7044 	EXP 	stimuli: autoDraw = True
9.3719 	EXP 	New trial (rep=0, index=3): <Trial 3 (3 in rep 0) data={'S1': 'Bridge', 'E_N': 'N', 'S2': 'Spoon', 'thisN': 3, 'thisTrialN': 3, 'thisRepN': 0}>
9.3780 	DATA 	Keypress: space
9.3875 	EXP 	stimuli: autoDraw = False
9.3875 	EXP 	stimuli: height = 0.06
9.3875 	EXP 	stimuli: height = 0.06
9.3875 	EXP 	stimuli: height = 0.06
9.3875 	EXP 	stimuli: text = 'Bridge'
9.3875 	EXP 	stimuli: autoDraw = True
10.5551 	EXP 	New trial (rep=0, index=4): <Trial 4 (4 in rep 0) data={'S1': 'Amused', 'E_N': 'E', 'S2': 'Happy ', 'thisN': 4, 'thisTrialN': 4, 'thisRepN': 0}>
10.5644 	DATA 	Keypress: space
10.5711 	EXP 	stimuli: autoDraw = False
10.5711 	EXP 	stimuli: height = 0.06
10.5711 	EXP 	stimuli: height = 0.06
10.5711 	EXP 	stimuli: height = 0.06
10.5711 	EXP 	stimuli: text = 'Amused'
10.5711 	EXP 	stimuli: autoDraw = True
12.4882 	EXP 	New trial (rep=0, index=5): <Trial 5 (5 in rep 0) data={'S1': 'Speak', 'E_N': 'N', 'S2': 'Pencil', 'thisN': 5, 'thisTrialN': 5, 'thisRepN': 0}>
12.4944 	DATA 	Keypress: space
12.5043 	EXP 	stimuli: autoDraw = False
12.5043 	EXP 	stimuli: height = 0.06
12.5043 	EXP 	stimuli: height = 0.06
12.5043 	EXP 	stimuli: height = 0.06
12.5043 	EXP 	stimuli: text = 'Speak'
12.5043 	EXP 	stimuli: autoDraw = True
14.2054 	EXP 	New trial (rep=0, index=6): <Trial 6 (6 in rep 0) data={'S1': 'Sad', 'E_N': 'E', 'S2': 'Love', 'thisN': 6, 'thisTrialN': 6, 'thisRepN': 0}>
14.2102 	DATA 	Keypress: space
14.2201 	EXP 	stimuli: autoDraw = False
14.2201 	EXP 	stimuli: height = 0.06
14.2201 	EXP 	stimuli: height = 0.06
14.2201 	EXP 	stimuli: height = 0.06
14.2201 	EXP 	stimuli: text = 'Sad'
14.2201 	EXP 	stimuli: autoDraw = True
15.4566 	DATA 	Keypress: space
15.4704 	INFO 	Keyboard events cleared
15.4699 	EXP 	stimuli: autoDraw = False
15.4699 	EXP 	text: autoDraw = True
19.7635 	EXP 	Imported conditions_EN.xlsx as conditions, 7 conditions, 4 params
19.7638 	EXP 	New trial (rep=0, index=0): <Trial 0 (0 in rep 0) data={'S1': 'Grateful ', 'E_N': 'E', 'S2': 'Proud ', 'thisN': 0, 'thisTrialN': 0, 'thisRepN': 0}>
19.7694 	DATA 	Keypress: space
19.7718 	EXP 	text: autoDraw = False
19.7718 	EXP 	text_2: height = 0.06
19.7718 	EXP 	text_2: height = 0.06
19.7718 	EXP 	text_2: height = 0.06
19.7718 	EXP 	text_2: text = 'Proud '
19.7718 	EXP 	text_2: autoDraw = True
22.6574 	EXP 	New trial (rep=0, index=1): <Trial 1 (1 in rep 0) data={'S1': 'Walk', 'E_N': 'N', 'S2': 'Table', 'thisN': 1, 'thisTrialN': 1, 'thisRepN': 0}>
22.6644 	DATA 	Keypress: space
22.6698 	EXP 	text_2: autoDraw = False
22.6698 	EXP 	text_2: height = 0.06
22.6698 	EXP 	text_2: height = 0.06
22.6698 	EXP 	text_2: height = 0.06
22.6698 	EXP 	text_2: text = 'Table'
22.6698 	EXP 	text_2: autoDraw = True
24.3536 	EXP 	New trial (rep=0, index=2): <Trial 2 (2 in rep 0) data={'S1': 'Hopeful', 'E_N': 'E', 'S2': 'Guilty', 'thisN': 2, 'thisTrialN': 2, 'thisRepN': 0}>
24.3587 	DATA 	Keypress: space
24.3690 	EXP 	text_2: autoDraw = False
24.3690 	EXP 	text_2: height = 0.06
24.3690 	EXP 	text_2: height = 0.06
24.3690 	EXP 	text_2: height = 0.06
24.3690 	EXP 	text_2: text = 'Guilty'
24.3690 	EXP 	text_2: autoDraw = True
26.5864 	EXP 	New trial (rep=0, index=3): <Trial 3 (3 in rep 0) data={'S1': 'Bridge', 'E_N': 'N', 'S2': 'Spoon', 'thisN': 3, 'thisTrialN': 3, 'thisRepN': 0}>
26.5924 	DATA 	Keypress: space
26.6019 	EXP 	text_2: autoDraw = False
26.6019 	EXP 	text_2: height = 0.06
26.6019 	EXP 	text_2: height = 0.06
26.6019 	EXP 	text_2: height = 0.06
26.6019 	EXP 	text_2: text = 'Spoon'
26.6019 	EXP 	text_2: autoDraw = True
28.7041 	EXP 	New trial (rep=0, index=4): <Trial 4 (4 in rep 0) data={'S1': 'Amused', 'E_N': 'E', 'S2': 'Happy ', 'thisN': 4, 'thisTrialN': 4, 'thisRepN': 0}>
28.7101 	DATA 	Keypress: space
28.7183 	EXP 	text_2: autoDraw = False
28.7183 	EXP 	text_2: height = 0.06
28.7183 	EXP 	text_2: height = 0.06
28.7183 	EXP 	text_2: height = 0.06
28.7183 	EXP 	text_2: text = 'Happy '
28.7183 	EXP 	text_2: autoDraw = True
30.1201 	EXP 	New trial (rep=0, index=5): <Trial 5 (5 in rep 0) data={'S1': 'Speak', 'E_N': 'N', 'S2': 'Pencil', 'thisN': 5, 'thisTrialN': 5, 'thisRepN': 0}>
30.1291 	DATA 	Keypress: space
30.1344 	EXP 	text_2: autoDraw = False
30.1344 	EXP 	text_2: height = 0.06
30.1344 	EXP 	text_2: height = 0.06
30.1344 	EXP 	text_2: height = 0.06
30.1344 	EXP 	text_2: text = 'Pencil'
30.1344 	EXP 	text_2: autoDraw = True
32.2694 	EXP 	New trial (rep=0, index=6): <Trial 6 (6 in rep 0) data={'S1': 'Sad', 'E_N': 'E', 'S2': 'Love', 'thisN': 6, 'thisTrialN': 6, 'thisRepN': 0}>
32.2771 	DATA 	Keypress: space
32.2849 	EXP 	text_2: autoDraw = False
32.2849 	EXP 	text_2: height = 0.06
32.2849 	EXP 	text_2: height = 0.06
32.2849 	EXP 	text_2: height = 0.06
32.2849 	EXP 	text_2: text = 'Love'
32.2849 	EXP 	text_2: autoDraw = True
34.1028 	DATA 	Keypress: space
34.1176 	EXP 	text_2: autoDraw = False
34.1178 	EXP 	emotion_nonemotion: status = STOPPED
34.1264 	INFO 	saved data to 'D:\\Prisha AU\\PSY416_Emotions\\data/P9_emotion_nonemotion_2025-04-16_19h34.54.199.csv'
34.1274 	INFO 	saved data to D:\Prisha AU\PSY416_Emotions\data/P9_emotion_nonemotion_2025-04-16_19h34.54.199.psydat
34.3178 	EXP 	window1: mouseVisible = True
