13.6711 	INFO 	Loaded monitor calibration from ['2024_08_09 11:30']
13.8339 	WARNING 	User requested fullscreen with size [1024  768], but screen is actually [1920, 1080]. Using actual size
15.5038 	EXP 	Created window1 = Window(allowGUI=True, allowStencil=False, autoLog=True, backendConf=UNKNOWN, backgroundFit=<method-wrapper '__getattribute__' of attributeSetter object at 0x00000236761272B0>, backgroundImage=<method-wrapper '__getattribute__' of attributeSetter object at 0x0000023676127250>, bitsMode=UNKNOWN, blendMode='avg', bpc=(8, 8, 8), color=array([0, 0, 0]), colorSpace='rgb', depthBits=8, fullscr=<method-wrapper '__getattribute__' of attributeSetter object at 0x00000236761270A0>, gamma=None, gammaErrorPolicy='raise', infoMsg=UNKNOWN, lms=UNKNOWN, monitor=<psychopy.monitors.calibTools.Monitor object at 0x00000236761F4820>, multiSample=False, name='window1', numSamples=2, pos=[0.0, 0.0], screen=0, size=array([1920, 1080]), stencilBits=0, stereo=False, title='PsychoPy', units='height', useFBO=True, useRetina=False, viewOri=0.0, viewPos=None, viewScale=None, waitBlanking=True, winType='pyglet')
15.5039 	EXP 	window1: backgroundImage = ''
15.5040 	EXP 	window1: backgroundFit = 'none'
15.5043 	EXP 	window1: mouseVisible = <method-wrapper '__getattribute__' of attributeSetter object at 0x00000236761273D0>
15.5046 	EXP 	window1: mouseVisible = <method-wrapper '__getattribute__' of attributeSetter object at 0x00000236761273D0>
15.5465 	EXP 	window1: mouseVisible = <method-wrapper '__getattribute__' of attributeSetter object at 0x00000236761273D0>
15.5475 	EXP 	window1: mouseVisible = <method-wrapper '__getattribute__' of attributeSetter object at 0x00000236761273D0>
15.7529 	EXP 	window1: mouseVisible = <method-wrapper '__getattribute__' of attributeSetter object at 0x00000236761273D0>
15.7531 	EXP 	window1: mouseVisible = <method-wrapper '__getattribute__' of attributeSetter object at 0x00000236761273D0>
15.7541 	EXP 	window1: mouseVisible = <method-wrapper '__getattribute__' of attributeSetter object at 0x00000236761273D0>
15.7549 	EXP 	window1: mouseVisible = <method-wrapper '__getattribute__' of attributeSetter object at 0x00000236761273D0>
15.7794 	EXP 	window1: Attempting to measure frame rate of screen (0) ...
15.7795 	EXP 	window1: recordFrameIntervals = False
15.9365 	EXP 	window1: recordFrameIntervals = True
16.1205 	EXP 	Screen (0) actual frame rate measured at 59.96Hz
16.1206 	EXP 	window1: recordFrameIntervals = False
16.1208 	EXP 	window1: mouseVisible = False
19.7617 	INFO 	keyboard.Keyboard is using iohub backend.
19.7618 	INFO 	keyboard.Keyboard is using iohub backend.
19.7619 	INFO 	keyboard.Keyboard is using iohub backend.
19.7619 	INFO 	keyboard.Keyboard is using iohub backend.
19.7619 	EXP 	emotion_nonemotion: status = STARTED
19.7622 	EXP 	window1: mouseVisible = False
19.9034 	EXP 	Created stimuli = TextStim(__class__=<class 'psychopy.visual.text.TextStim'>, alignHoriz=method-wrapper(...), alignText='center', alignVert=method-wrapper(...), anchorHoriz='center', anchorVert='center', antialias=True, autoDraw=False, autoLog=True, bold=False, color=array([1., 1., 1.]), colorSpace='rgb', contrast=1.0, depth=0.0, draggable=False, flipHoriz=False, flipVert=False, font='Arial', fontFiles=[], height=0.06, italic=False, languageStyle='LTR', name='stimuli', opacity=1, ori=0.0, pos=array([0., 0.]), rgb=UNKNOWN, text='', units='height', win=Window(...), wrapWidth=1)
19.9035 	EXP 	window1: mouseVisible = False
20.1555 	EXP 	Created text = TextStim(__class__=<class 'psychopy.visual.text.TextStim'>, alignHoriz=method-wrapper(...), alignText='center', alignVert=method-wrapper(...), anchorHoriz='center', anchorVert='center', antialias=True, autoDraw=False, autoLog=True, bold=False, color=array([1., 1., 1.]), colorSpace='rgb', contrast=1.0, depth=0.0, draggable=False, flipHoriz=False, flipVert=False, font='Arial', fontFiles=[], height=0.05, italic=False, languageStyle='LTR', name='text', opacity=1, ori=0.0, pos=array([0., 0.]), rgb=UNKNOWN, text=str(...), units='height', win=Window(...), wrapWidth=1)
20.1556 	EXP 	window1: mouseVisible = False
20.1561 	EXP 	Created text_2 = TextStim(__class__=<class 'psychopy.visual.text.TextStim'>, alignHoriz=method-wrapper(...), alignText='center', alignVert=method-wrapper(...), anchorHoriz='center', anchorVert='center', antialias=True, autoDraw=False, autoLog=True, bold=False, color=array([1., 1., 1.]), colorSpace='rgb', contrast=1.0, depth=0.0, draggable=False, flipHoriz=False, flipVert=False, font='Arial', fontFiles=[], height=0.06, italic=False, languageStyle='LTR', name='text_2', opacity=1, ori=0.0, pos=array([0., 0.]), rgb=UNKNOWN, text='', units='height', win=Window(...), wrapWidth=1)
0.0099 	EXP 	Imported conditions_EN.xlsx as conditions, 7 conditions, 4 params
0.0207 	EXP 	New trial (rep=0, index=0): <Trial 0 (0 in rep 0) data={'S1': 'Grateful ', 'E_N': 'E', 'S2': 'Proud ', 'thisN': 0, 'thisTrialN': 0, 'thisRepN': 0}>
0.0369 	EXP 	stimuli: height = 0.06
0.0369 	EXP 	stimuli: height = 0.06
0.0369 	EXP 	stimuli: height = 0.06
0.0369 	EXP 	stimuli: text = 'Grateful '
0.0369 	EXP 	stimuli: autoDraw = True
1.5434 	EXP 	New trial (rep=0, index=1): <Trial 1 (1 in rep 0) data={'S1': 'Walk', 'E_N': 'N', 'S2': 'Table', 'thisN': 1, 'thisTrialN': 1, 'thisRepN': 0}>
1.5535 	DATA 	Keypress: space
1.5553 	EXP 	stimuli: autoDraw = False
1.5553 	EXP 	stimuli: height = 0.06
1.5553 	EXP 	stimuli: height = 0.06
1.5553 	EXP 	stimuli: height = 0.06
1.5553 	EXP 	stimuli: text = 'Walk'
1.5553 	EXP 	stimuli: autoDraw = True
2.8968 	EXP 	New trial (rep=0, index=2): <Trial 2 (2 in rep 0) data={'S1': 'Hopeful', 'E_N': 'E', 'S2': 'Guilty', 'thisN': 2, 'thisTrialN': 2, 'thisRepN': 0}>
2.9040 	DATA 	Keypress: space
2.9124 	EXP 	stimuli: autoDraw = False
2.9124 	EXP 	stimuli: height = 0.06
2.9124 	EXP 	stimuli: height = 0.06
2.9124 	EXP 	stimuli: height = 0.06
2.9124 	EXP 	stimuli: text = 'Hopeful'
2.9124 	EXP 	stimuli: autoDraw = True
4.0648 	DATA 	Keypress: space
4.0814 	EXP 	New trial (rep=0, index=3): <Trial 3 (3 in rep 0) data={'S1': 'Bridge', 'E_N': 'N', 'S2': 'Spoon', 'thisN': 3, 'thisTrialN': 3, 'thisRepN': 0}>
4.0956 	EXP 	stimuli: autoDraw = False
4.0956 	EXP 	stimuli: height = 0.06
4.0956 	EXP 	stimuli: height = 0.06
4.0956 	EXP 	stimuli: height = 0.06
4.0956 	EXP 	stimuli: text = 'Bridge'
4.0956 	EXP 	stimuli: autoDraw = True
5.5975 	EXP 	New trial (rep=0, index=4): <Trial 4 (4 in rep 0) data={'S1': 'Amused', 'E_N': 'E', 'S2': 'Happy ', 'thisN': 4, 'thisTrialN': 4, 'thisRepN': 0}>
5.6129 	DATA 	Keypress: space
5.6143 	EXP 	stimuli: autoDraw = False
5.6143 	EXP 	stimuli: height = 0.06
5.6143 	EXP 	stimuli: height = 0.06
5.6143 	EXP 	stimuli: height = 0.06
5.6143 	EXP 	stimuli: text = 'Amused'
5.6143 	EXP 	stimuli: autoDraw = True
7.3141 	EXP 	New trial (rep=0, index=5): <Trial 5 (5 in rep 0) data={'S1': 'Speak', 'E_N': 'N', 'S2': 'Pencil', 'thisN': 5, 'thisTrialN': 5, 'thisRepN': 0}>
7.3210 	DATA 	Keypress: space
7.3284 	EXP 	stimuli: autoDraw = False
7.3284 	EXP 	stimuli: height = 0.06
7.3284 	EXP 	stimuli: height = 0.06
7.3284 	EXP 	stimuli: height = 0.06
7.3284 	EXP 	stimuli: text = 'Speak'
7.3284 	EXP 	stimuli: autoDraw = True
8.2135 	EXP 	New trial (rep=0, index=6): <Trial 6 (6 in rep 0) data={'S1': 'Sad', 'E_N': 'E', 'S2': 'Love', 'thisN': 6, 'thisTrialN': 6, 'thisRepN': 0}>
8.2176 	DATA 	Keypress: space
8.2284 	EXP 	stimuli: autoDraw = False
8.2284 	EXP 	stimuli: height = 0.06
8.2284 	EXP 	stimuli: height = 0.06
8.2284 	EXP 	stimuli: height = 0.06
8.2284 	EXP 	stimuli: text = 'Sad'
8.2284 	EXP 	stimuli: autoDraw = True
9.0322 	DATA 	Keypress: space
9.0454 	INFO 	Keyboard events cleared
9.0449 	EXP 	stimuli: autoDraw = False
9.0449 	EXP 	text: autoDraw = True
15.5731 	EXP 	Imported conditions_EN.xlsx as conditions, 7 conditions, 4 params
15.5735 	EXP 	New trial (rep=0, index=0): <Trial 0 (0 in rep 0) data={'S1': 'Grateful ', 'E_N': 'E', 'S2': 'Proud ', 'thisN': 0, 'thisTrialN': 0, 'thisRepN': 0}>
15.5797 	DATA 	Keypress: space
15.5814 	EXP 	text: autoDraw = False
15.5814 	EXP 	text_2: height = 0.06
15.5814 	EXP 	text_2: height = 0.06
15.5814 	EXP 	text_2: height = 0.06
15.5814 	EXP 	text_2: text = 'Proud '
15.5814 	EXP 	text_2: autoDraw = True
17.0293 	EXP 	New trial (rep=0, index=1): <Trial 1 (1 in rep 0) data={'S1': 'Walk', 'E_N': 'N', 'S2': 'Table', 'thisN': 1, 'thisTrialN': 1, 'thisRepN': 0}>
17.0367 	DATA 	Keypress: space
17.0437 	EXP 	text_2: autoDraw = False
17.0437 	EXP 	text_2: height = 0.06
17.0437 	EXP 	text_2: height = 0.06
17.0437 	EXP 	text_2: height = 0.06
17.0437 	EXP 	text_2: text = 'Table'
17.0437 	EXP 	text_2: autoDraw = True
18.6627 	EXP 	New trial (rep=0, index=2): <Trial 2 (2 in rep 0) data={'S1': 'Hopeful', 'E_N': 'E', 'S2': 'Guilty', 'thisN': 2, 'thisTrialN': 2, 'thisRepN': 0}>
18.6702 	DATA 	Keypress: space
18.6772 	EXP 	text_2: autoDraw = False
18.6772 	EXP 	text_2: height = 0.06
18.6772 	EXP 	text_2: height = 0.06
18.6772 	EXP 	text_2: height = 0.06
18.6772 	EXP 	text_2: text = 'Guilty'
18.6772 	EXP 	text_2: autoDraw = True
20.1622 	EXP 	New trial (rep=0, index=3): <Trial 3 (3 in rep 0) data={'S1': 'Bridge', 'E_N': 'N', 'S2': 'Spoon', 'thisN': 3, 'thisTrialN': 3, 'thisRepN': 0}>
20.1686 	DATA 	Keypress: space
20.1768 	EXP 	text_2: autoDraw = False
20.1768 	EXP 	text_2: height = 0.06
20.1768 	EXP 	text_2: height = 0.06
20.1768 	EXP 	text_2: height = 0.06
20.1768 	EXP 	text_2: text = 'Spoon'
20.1768 	EXP 	text_2: autoDraw = True
20.9451 	EXP 	New trial (rep=0, index=4): <Trial 4 (4 in rep 0) data={'S1': 'Amused', 'E_N': 'E', 'S2': 'Happy ', 'thisN': 4, 'thisTrialN': 4, 'thisRepN': 0}>
20.9503 	DATA 	Keypress: space
20.9602 	EXP 	text_2: autoDraw = False
20.9602 	EXP 	text_2: height = 0.06
20.9602 	EXP 	text_2: height = 0.06
20.9602 	EXP 	text_2: height = 0.06
20.9602 	EXP 	text_2: text = 'Happy '
20.9602 	EXP 	text_2: autoDraw = True
22.2626 	EXP 	New trial (rep=0, index=5): <Trial 5 (5 in rep 0) data={'S1': 'Speak', 'E_N': 'N', 'S2': 'Pencil', 'thisN': 5, 'thisTrialN': 5, 'thisRepN': 0}>
22.2681 	DATA 	Keypress: space
22.2767 	EXP 	text_2: autoDraw = False
22.2767 	EXP 	text_2: height = 0.06
22.2767 	EXP 	text_2: height = 0.06
22.2767 	EXP 	text_2: height = 0.06
22.2767 	EXP 	text_2: text = 'Pencil'
22.2767 	EXP 	text_2: autoDraw = True
23.7623 	EXP 	New trial (rep=0, index=6): <Trial 6 (6 in rep 0) data={'S1': 'Sad', 'E_N': 'E', 'S2': 'Love', 'thisN': 6, 'thisTrialN': 6, 'thisRepN': 0}>
23.7689 	DATA 	Keypress: space
23.7763 	EXP 	text_2: autoDraw = False
23.7763 	EXP 	text_2: height = 0.06
23.7763 	EXP 	text_2: height = 0.06
23.7763 	EXP 	text_2: height = 0.06
23.7763 	EXP 	text_2: text = 'Love'
23.7763 	EXP 	text_2: autoDraw = True
24.3450 	DATA 	Keypress: space
24.3597 	EXP 	text_2: autoDraw = False
24.3598 	EXP 	emotion_nonemotion: status = STOPPED
24.3763 	INFO 	saved data to 'D:\\Prisha AU\\PSY416_Emotions\\data/TRY_emotion_nonemotion_2025-04-16_18h22.10.015.csv'
24.3917 	INFO 	saved data to D:\Prisha AU\PSY416_Emotions\data/TRY_emotion_nonemotion_2025-04-16_18h22.10.015.psydat
24.5429 	EXP 	window1: mouseVisible = True
